#
# There is insufficient memory for the Java Runtime Environment to continue.
# Native memory allocation (mmap) failed to map 25165824 bytes. Error detail: G1 virtual space
# Possible reasons:
#   The system is out of physical RAM or swap space
#   This process is running with CompressedOops enabled, and the Java Heap may be blocking the growth of the native heap
# Possible solutions:
#   Reduce memory load on the system
#   Increase physical memory or swap space
#   Check if swap backing store is full
#   Decrease Java heap size (-Xmx/-Xms)
#   Decrease number of Java threads
#   Decrease Java thread stack sizes (-Xss)
#   Set larger code cache with -XX:ReservedCodeCacheSize=
#   JVM is running with Unscaled Compressed Oops mode in which the Java heap is
#     placed in the first 4GB address space. The Java Heap base address is the
#     maximum limit for the native heap growth. Please use -XX:HeapBaseMinAddress
#     to set the Java Heap base and to place the Java Heap above 4GB virtual address.
# This output file may be truncated or incomplete.
#
#  Out of Memory Error (os_windows.cpp:3825), pid=340, tid=21488
#
# JRE version: OpenJDK Runtime Environment (17.0.11) (build 17.0.11+0--11852314)
# Java VM: OpenJDK 64-Bit Server VM (17.0.11+0--11852314, mixed mode, tiered, compressed oops, compressed class ptrs, g1 gc, windows-amd64)
# No core dump will be written. Minidumps are not enabled by default on client versions of Windows
#

---------------  S U M M A R Y ------------

Command Line: --add-opens=java.base/java.util=ALL-UNNAMED --add-opens=java.base/java.lang=ALL-UNNAMED --add-opens=java.base/java.lang.invoke=ALL-UNNAMED --add-opens=java.prefs/java.util.prefs=ALL-UNNAMED --add-opens=java.base/java.nio.charset=ALL-UNNAMED --add-opens=java.base/java.net=ALL-UNNAMED --add-opens=java.base/java.util.concurrent.atomic=ALL-UNNAMED -Xmx2048m -Dfile.encoding=UTF-8 -Duser.country=IN -Duser.language=en -Duser.variant -javaagent:C:\Users\sathu\.gradle\wrapper\dists\gradle-8.7-bin\bhs2wmbdwecv87pi65oeuq5iu\gradle-8.7\lib\agents\gradle-instrumentation-agent-8.7.jar org.gradle.launcher.daemon.bootstrap.GradleDaemon 8.7

Host: 11th Gen Intel(R) Core(TM) i5-11400H @ 2.70GHz, 12 cores, 15G,  Windows 11 , 64 bit Build 22621 (10.0.22621.4830)
Time: Thu Aug 28 22:40:56 2025 India Standard Time elapsed time: 18.470251 seconds (0d 0h 0m 18s)

---------------  T H R E A D  ---------------

Current thread (0x00000248f8a0b630):  VMThread "VM Thread" [stack: 0x000000da49000000,0x000000da49100000] [id=21488]

Stack: [0x000000da49000000,0x000000da49100000]
Native frames: (J=compiled Java code, j=interpreted, Vv=VM code, C=native code)
V  [jvm.dll+0x687bb9]
V  [jvm.dll+0x84142a]
V  [jvm.dll+0x8430ae]
V  [jvm.dll+0x843713]
V  [jvm.dll+0x24a35f]
V  [jvm.dll+0x684989]
V  [jvm.dll+0x67923a]
V  [jvm.dll+0x30af0b]
V  [jvm.dll+0x3123b6]
V  [jvm.dll+0x361dfe]
V  [jvm.dll+0x36202f]
V  [jvm.dll+0x2e0d38]
V  [jvm.dll+0x2df144]
V  [jvm.dll+0x2de74c]
V  [jvm.dll+0x32305b]
V  [jvm.dll+0x847e0b]
V  [jvm.dll+0x848b42]
V  [jvm.dll+0x84905d]
V  [jvm.dll+0x849434]
V  [jvm.dll+0x849500]
V  [jvm.dll+0x7efa4a]
V  [jvm.dll+0x686a35]
C  [ucrtbase.dll+0x29333]
C  [KERNEL32.DLL+0x1259d]
C  [ntdll.dll+0x5af38]

VM_Operation (0x000000da4cdfa310): G1CollectForAllocation, mode: safepoint, requested by thread 0x00000248809a43d0


---------------  P R O C E S S  ---------------

Threads class SMR info:
_java_thread_list=0x0000024881e75f60, length=56, elements={
0x00000248de6aece0, 0x00000248f8a2c010, 0x00000248f8a2dbe0, 0x00000248f8a45050,
0x00000248f8a45920, 0x00000248f8a554d0, 0x00000248f8a57ea0, 0x00000248f8a591a0,
0x00000248f8a5d560, 0x00000248f8a65f70, 0x00000248f8b380e0, 0x00000248f8d052f0,
0x00000248feb12d30, 0x00000248800c0fb0, 0x00000248fe2a28a0, 0x00000248ff1459a0,
0x00000248fe0aa590, 0x00000248fe2043d0, 0x00000248fe202f90, 0x00000248fe2048e0,
0x00000248fe203ec0, 0x00000248fe205300, 0x00000248fe204df0, 0x00000248fe202570,
0x00000248fe205810, 0x00000248fe2039b0, 0x00000248fe202a80, 0x00000248fe2034a0,
0x00000248809a5d20, 0x00000248809a6230, 0x00000248809a6740, 0x00000248809a94d0,
0x00000248809a6c50, 0x00000248809a7160, 0x00000248809a85a0, 0x00000248809a2a80,
0x00000248809a48e0, 0x00000248809a4df0, 0x00000248809a5300, 0x00000248809a7670,
0x00000248809a7b80, 0x00000248809a8090, 0x00000248809a3ec0, 0x00000248809a8ab0,
0x00000248809a2060, 0x00000248809a99e0, 0x00000248fe866720, 0x0000024881629020,
0x00000248809a2570, 0x00000248809a43d0, 0x00000248809a2f90, 0x00000248809a34a0,
0x00000248809a39b0, 0x000002488177a480, 0x000002488177b3b0, 0x00000248817771e0
}

Java Threads: ( => current thread )
  0x00000248de6aece0 JavaThread "main" [_thread_blocked, id=11460, stack(0x000000da48a00000,0x000000da48b00000)]
  0x00000248f8a2c010 JavaThread "Reference Handler" daemon [_thread_blocked, id=4908, stack(0x000000da49100000,0x000000da49200000)]
  0x00000248f8a2dbe0 JavaThread "Finalizer" daemon [_thread_blocked, id=11436, stack(0x000000da49200000,0x000000da49300000)]
  0x00000248f8a45050 JavaThread "Signal Dispatcher" daemon [_thread_blocked, id=19696, stack(0x000000da49300000,0x000000da49400000)]
  0x00000248f8a45920 JavaThread "Attach Listener" daemon [_thread_blocked, id=6820, stack(0x000000da49400000,0x000000da49500000)]
  0x00000248f8a554d0 JavaThread "Service Thread" daemon [_thread_blocked, id=6508, stack(0x000000da49500000,0x000000da49600000)]
  0x00000248f8a57ea0 JavaThread "Monitor Deflation Thread" daemon [_thread_blocked, id=20828, stack(0x000000da49600000,0x000000da49700000)]
  0x00000248f8a591a0 JavaThread "C2 CompilerThread0" daemon [_thread_blocked, id=19588, stack(0x000000da49700000,0x000000da49800000)]
  0x00000248f8a5d560 JavaThread "C1 CompilerThread0" daemon [_thread_blocked, id=17924, stack(0x000000da49800000,0x000000da49900000)]
  0x00000248f8a65f70 JavaThread "Sweeper thread" daemon [_thread_blocked, id=21228, stack(0x000000da49900000,0x000000da49a00000)]
  0x00000248f8b380e0 JavaThread "Common-Cleaner" daemon [_thread_blocked, id=8444, stack(0x000000da49a00000,0x000000da49b00000)]
  0x00000248f8d052f0 JavaThread "Notification Thread" daemon [_thread_blocked, id=18848, stack(0x000000da49b00000,0x000000da49c00000)]
  0x00000248feb12d30 JavaThread "Daemon health stats" [_thread_blocked, id=20408, stack(0x000000da4a300000,0x000000da4a400000)]
  0x00000248800c0fb0 JavaThread "Incoming local TCP Connector on port 56658" [_thread_in_native, id=8240, stack(0x000000da4a400000,0x000000da4a500000)]
  0x00000248fe2a28a0 JavaThread "Daemon periodic checks" [_thread_blocked, id=22132, stack(0x000000da4a500000,0x000000da4a600000)]
  0x00000248ff1459a0 JavaThread "Daemon" [_thread_blocked, id=13912, stack(0x000000da4a600000,0x000000da4a700000)]
  0x00000248fe0aa590 JavaThread "Handler for socket connection from /127.0.0.1:56658 to /127.0.0.1:56659" [_thread_in_native, id=8496, stack(0x000000da4a700000,0x000000da4a800000)]
  0x00000248fe2043d0 JavaThread "Cancel handler" [_thread_blocked, id=2052, stack(0x000000da4a800000,0x000000da4a900000)]
  0x00000248fe202f90 JavaThread "Daemon worker" [_thread_blocked, id=5772, stack(0x000000da4a900000,0x000000da4aa00000)]
  0x00000248fe2048e0 JavaThread "Asynchronous log dispatcher for DefaultDaemonConnection: socket connection from /127.0.0.1:56658 to /127.0.0.1:56659" [_thread_blocked, id=14560, stack(0x000000da4aa00000,0x000000da4ab00000)]
  0x00000248fe203ec0 JavaThread "Stdin handler" [_thread_blocked, id=20112, stack(0x000000da4ab00000,0x000000da4ac00000)]
  0x00000248fe205300 JavaThread "Daemon client event forwarder" [_thread_blocked, id=8264, stack(0x000000da4ac00000,0x000000da4ad00000)]
  0x00000248fe204df0 JavaThread "Cache worker for journal cache (C:\Users\sathu\.gradle\caches\journal-1)" [_thread_blocked, id=6524, stack(0x000000da4b300000,0x000000da4b400000)]
  0x00000248fe202570 JavaThread "File lock request listener" [_thread_in_native, id=21352, stack(0x000000da4b400000,0x000000da4b500000)]
  0x00000248fe205810 JavaThread "Cache worker for file hash cache (C:\Users\sathu\.gradle\caches\8.7\fileHashes)" [_thread_blocked, id=18420, stack(0x000000da4b500000,0x000000da4b600000)]
  0x00000248fe2039b0 JavaThread "Cache worker for file hash cache (C:\Users\sathu\AndroidStudioProjects\ChooseBrowserNEW\.gradle\8.7\fileHashes)" [_thread_blocked, id=14348, stack(0x000000da4b600000,0x000000da4b700000)]
  0x00000248fe202a80 JavaThread "File watcher server" daemon [_thread_in_native, id=9676, stack(0x000000da49d00000,0x000000da49e00000)]
  0x00000248fe2034a0 JavaThread "File watcher consumer" daemon [_thread_blocked, id=2548, stack(0x000000da4b700000,0x000000da4b800000)]
  0x00000248809a5d20 JavaThread "jar transforms" [_thread_blocked, id=7712, stack(0x000000da4b900000,0x000000da4ba00000)]
  0x00000248809a6230 JavaThread "jar transforms Thread 2" [_thread_blocked, id=22684, stack(0x000000da4ba00000,0x000000da4bb00000)]
  0x00000248809a6740 JavaThread "jar transforms Thread 3" [_thread_blocked, id=21716, stack(0x000000da4bb00000,0x000000da4bc00000)]
  0x00000248809a94d0 JavaThread "jar transforms Thread 4" [_thread_blocked, id=21856, stack(0x000000da4bc00000,0x000000da4bd00000)]
  0x00000248809a6c50 JavaThread "jar transforms Thread 5" [_thread_blocked, id=22728, stack(0x000000da4bd00000,0x000000da4be00000)]
  0x00000248809a7160 JavaThread "jar transforms Thread 6" [_thread_blocked, id=4360, stack(0x000000da4be00000,0x000000da4bf00000)]
  0x00000248809a85a0 JavaThread "jar transforms Thread 7" [_thread_blocked, id=16832, stack(0x000000da4bf00000,0x000000da4c000000)]
  0x00000248809a2a80 JavaThread "jar transforms Thread 8" [_thread_blocked, id=4100, stack(0x000000da4c000000,0x000000da4c100000)]
  0x00000248809a48e0 JavaThread "jar transforms Thread 9" [_thread_blocked, id=13408, stack(0x000000da4c100000,0x000000da4c200000)]
  0x00000248809a4df0 JavaThread "jar transforms Thread 10" [_thread_blocked, id=17788, stack(0x000000da4c200000,0x000000da4c300000)]
  0x00000248809a5300 JavaThread "jar transforms Thread 11" [_thread_blocked, id=14520, stack(0x000000da4c300000,0x000000da4c400000)]
  0x00000248809a7670 JavaThread "jar transforms Thread 12" [_thread_blocked, id=13904, stack(0x000000da4c400000,0x000000da4c500000)]
  0x00000248809a7b80 JavaThread "Cache worker for checksums cache (C:\Users\sathu\AndroidStudioProjects\ChooseBrowserNEW\.gradle\8.7\checksums)" [_thread_blocked, id=15912, stack(0x000000da4c500000,0x000000da4c600000)]
  0x00000248809a8090 JavaThread "Cache worker for cache directory md-supplier (C:\Users\sathu\.gradle\caches\8.7\md-supplier)" [_thread_blocked, id=23140, stack(0x000000da4c600000,0x000000da4c700000)]
  0x00000248809a3ec0 JavaThread "Cache worker for cache directory md-rule (C:\Users\sathu\.gradle\caches\8.7\md-rule)" [_thread_blocked, id=17000, stack(0x000000da4c700000,0x000000da4c800000)]
  0x00000248809a8ab0 JavaThread "Cache worker for file content cache (C:\Users\sathu\.gradle\caches\8.7\fileContent)" [_thread_blocked, id=15300, stack(0x000000da4c800000,0x000000da4c900000)]
  0x00000248809a2060 JavaThread "Unconstrained build operations" [_thread_blocked, id=2468, stack(0x000000da4ca00000,0x000000da4cb00000)]
  0x00000248809a99e0 JavaThread "Unconstrained build operations Thread 2" [_thread_blocked, id=20000, stack(0x000000da4cb00000,0x000000da4cc00000)]
  0x00000248fe866720 JavaThread "C2 CompilerThread1" daemon [_thread_in_native, id=10812, stack(0x000000da4b800000,0x000000da4b900000)]
  0x0000024881629020 JavaThread "C2 CompilerThread2" daemon [_thread_in_native, id=20036, stack(0x000000da4c900000,0x000000da4ca00000)]
  0x00000248809a2570 JavaThread "Unconstrained build operations Thread 3" [_thread_blocked, id=23400, stack(0x000000da4cc00000,0x000000da4cd00000)]
  0x00000248809a43d0 JavaThread "Unconstrained build operations Thread 4" [_thread_blocked, id=2064, stack(0x000000da4cd00000,0x000000da4ce00000)]
  0x00000248809a2f90 JavaThread "Unconstrained build operations Thread 5" [_thread_blocked, id=23448, stack(0x000000da4ce00000,0x000000da4cf00000)]
  0x00000248809a34a0 JavaThread "Unconstrained build operations Thread 6" [_thread_blocked, id=23428, stack(0x000000da4cf00000,0x000000da4d000000)]
  0x00000248809a39b0 JavaThread "Unconstrained build operations Thread 7" [_thread_blocked, id=23444, stack(0x000000da4d000000,0x000000da4d100000)]
  0x000002488177a480 JavaThread "Unconstrained build operations Thread 8" [_thread_blocked, id=20848, stack(0x000000da4d100000,0x000000da4d200000)]
  0x000002488177b3b0 JavaThread "Unconstrained build operations Thread 9" [_thread_blocked, id=20716, stack(0x000000da4d200000,0x000000da4d300000)]
  0x00000248817771e0 JavaThread "Unconstrained build operations Thread 10" [_thread_blocked, id=16812, stack(0x000000da4d300000,0x000000da4d400000)]

Other Threads:
=>0x00000248f8a0b630 VMThread "VM Thread" [stack: 0x000000da49000000,0x000000da49100000] [id=21488]
  0x00000248de6afb60 WatcherThread [stack: 0x000000da49c00000,0x000000da49d00000] [id=21620]
  0x00000248de709ee0 GCTaskThread "GC Thread#0" [stack: 0x000000da48b00000,0x000000da48c00000] [id=10540]
  0x00000248fd8fef10 GCTaskThread "GC Thread#1" [stack: 0x000000da49e00000,0x000000da49f00000] [id=2764]
  0x00000248fd30e700 GCTaskThread "GC Thread#2" [stack: 0x000000da49f00000,0x000000da4a000000] [id=21076]
  0x00000248fd30e9c0 GCTaskThread "GC Thread#3" [stack: 0x000000da4a000000,0x000000da4a100000] [id=4768]
  0x00000248fdfeec90 GCTaskThread "GC Thread#4" [stack: 0x000000da4a100000,0x000000da4a200000] [id=21020]
  0x00000248fdb9f100 GCTaskThread "GC Thread#5" [stack: 0x000000da4a200000,0x000000da4a300000] [id=21044]
  0x00000248fdb9f3c0 GCTaskThread "GC Thread#6" [stack: 0x000000da4ad00000,0x000000da4ae00000] [id=23088]
  0x00000248fdb9fec0 GCTaskThread "GC Thread#7" [stack: 0x000000da4ae00000,0x000000da4af00000] [id=20924]
  0x00000248fdba0180 GCTaskThread "GC Thread#8" [stack: 0x000000da4af00000,0x000000da4b000000] [id=13400]
  0x00000248fdb9f680 GCTaskThread "GC Thread#9" [stack: 0x000000da4b000000,0x000000da4b100000] [id=13952]
  0x00000248de71ae30 ConcurrentGCThread "G1 Main Marker" [stack: 0x000000da48c00000,0x000000da48d00000] [id=18660]
  0x00000248de71b850 ConcurrentGCThread "G1 Conc#0" [stack: 0x000000da48d00000,0x000000da48e00000] [id=6808]
  0x00000248fdba0440 ConcurrentGCThread "G1 Conc#1" [stack: 0x000000da4b100000,0x000000da4b200000] [id=6016]
  0x00000248fdba0700 ConcurrentGCThread "G1 Conc#2" [stack: 0x000000da4b200000,0x000000da4b300000] [id=20588]
  0x00000248de75ebd0 ConcurrentGCThread "G1 Refine#0" [stack: 0x000000da48e00000,0x000000da48f00000] [id=8952]
  0x00000248f8851ff0 ConcurrentGCThread "G1 Service" [stack: 0x000000da48f00000,0x000000da49000000] [id=12676]

Threads with active compile tasks:
C2 CompilerThread1    18508 7330 %     4       org.objectweb.asm.ClassReader::readCode @ 92 (5117 bytes)
C2 CompilerThread2    18508 7424       4       org.gradle.internal.classpath.transforms.InstrumentingClassTransform$InstrumentingMethodVisitor::visitINVOKESTATIC (848 bytes)

VM state: at safepoint (normal execution)

VM Mutex/Monitor currently owned by a thread:  ([mutex/lock_event])
[0x00000248de6aa590] Threads_lock - owner thread: 0x00000248f8a0b630
[0x00000248de6ac360] Heap_lock - owner thread: 0x00000248809a43d0

Heap address: 0x0000000080000000, size: 2048 MB, Compressed Oops mode: 32-bit

CDS archive(s) not mapped
Compressed class space mapped at: 0x0000000100000000-0x0000000140000000, reserved size: 1073741824
Narrow klass base: 0x0000000000000000, Narrow klass shift: 3, Narrow klass range: 0x140000000

GC Precious Log:
 CPUs: 12 total, 12 available
 Memory: 16105M
 Large Page Support: Disabled
 NUMA Support: Disabled
 Compressed Oops: Enabled (32-bit)
 Heap Region Size: 1M
 Heap Min Capacity: 8M
 Heap Initial Capacity: 252M
 Heap Max Capacity: 2G
 Pre-touch: Disabled
 Parallel Workers: 10
 Concurrent Workers: 3
 Concurrent Refinement Workers: 10
 Periodic GC: Disabled

Heap:
 garbage-first heap   total 233472K, used 78609K [0x0000000080000000, 0x0000000100000000)
  region size 1024K, 11 young (11264K), 11 survivors (11264K)
 Metaspace       used 57847K, committed 58304K, reserved 1114112K
  class space    used 7802K, committed 8000K, reserved 1048576K

Heap Regions: E=young(eden), S=young(survivor), O=old, HS=humongous(starts), HC=humongous(continues), CS=collection set, F=free, OA=open archive, CA=closed archive, TAMS=top-at-mark-start (previous, next)
|   0|0x0000000080000000, 0x0000000080100000, 0x0000000080100000|100%|HS|  |TAMS 0x0000000080100000, 0x0000000080000000| Complete 
|   1|0x0000000080100000, 0x0000000080200000, 0x0000000080200000|100%|HC|  |TAMS 0x0000000080200000, 0x0000000080100000| Complete 
|   2|0x0000000080200000, 0x0000000080300000, 0x0000000080300000|100%|HC|  |TAMS 0x0000000080300000, 0x0000000080200000| Complete 
|   3|0x0000000080300000, 0x0000000080400000, 0x0000000080400000|100%|HC|  |TAMS 0x0000000080400000, 0x0000000080300000| Complete 
|   4|0x0000000080400000, 0x0000000080500000, 0x0000000080500000|100%| O|  |TAMS 0x0000000080500000, 0x0000000080400000| Untracked 
|   5|0x0000000080500000, 0x0000000080600000, 0x0000000080600000|100%| O|  |TAMS 0x0000000080600000, 0x0000000080500000| Untracked 
|   6|0x0000000080600000, 0x0000000080700000, 0x0000000080700000|100%| O|  |TAMS 0x0000000080700000, 0x0000000080600000| Untracked 
|   7|0x0000000080700000, 0x0000000080800000, 0x0000000080800000|100%| O|  |TAMS 0x0000000080800000, 0x0000000080700000| Untracked 
|   8|0x0000000080800000, 0x0000000080900000, 0x0000000080900000|100%| O|  |TAMS 0x0000000080900000, 0x0000000080800000| Untracked 
|   9|0x0000000080900000, 0x0000000080a00000, 0x0000000080a00000|100%| O|  |TAMS 0x0000000080a00000, 0x0000000080900000| Untracked 
|  10|0x0000000080a00000, 0x0000000080b00000, 0x0000000080b00000|100%| O|  |TAMS 0x0000000080b00000, 0x0000000080a00000| Untracked 
|  11|0x0000000080b00000, 0x0000000080c00000, 0x0000000080c00000|100%| O|  |TAMS 0x0000000080c00000, 0x0000000080b00000| Untracked 
|  12|0x0000000080c00000, 0x0000000080d00000, 0x0000000080d00000|100%| O|  |TAMS 0x0000000080d00000, 0x0000000080c00000| Untracked 
|  13|0x0000000080d00000, 0x0000000080e00000, 0x0000000080e00000|100%| O|  |TAMS 0x0000000080e00000, 0x0000000080d00000| Untracked 
|  14|0x0000000080e00000, 0x0000000080f00000, 0x0000000080f00000|100%| O|  |TAMS 0x0000000080f00000, 0x0000000080e00000| Untracked 
|  15|0x0000000080f00000, 0x0000000081000000, 0x0000000081000000|100%| O|  |TAMS 0x0000000081000000, 0x0000000080f00000| Untracked 
|  16|0x0000000081000000, 0x0000000081100000, 0x0000000081100000|100%| O|  |TAMS 0x0000000081100000, 0x0000000081000000| Untracked 
|  17|0x0000000081100000, 0x0000000081200000, 0x0000000081200000|100%| O|  |TAMS 0x0000000081200000, 0x0000000081100000| Untracked 
|  18|0x0000000081200000, 0x0000000081300000, 0x0000000081300000|100%| O|  |TAMS 0x0000000081300000, 0x0000000081200000| Untracked 
|  19|0x0000000081300000, 0x0000000081400000, 0x0000000081400000|100%| O|  |TAMS 0x0000000081400000, 0x0000000081300000| Untracked 
|  20|0x0000000081400000, 0x0000000081500000, 0x0000000081500000|100%| O|  |TAMS 0x0000000081500000, 0x0000000081400000| Untracked 
|  21|0x0000000081500000, 0x0000000081600000, 0x0000000081600000|100%| O|  |TAMS 0x0000000081600000, 0x0000000081500000| Untracked 
|  22|0x0000000081600000, 0x0000000081700000, 0x0000000081700000|100%|HS|  |TAMS 0x0000000081700000, 0x0000000081600000| Complete 
|  23|0x0000000081700000, 0x0000000081800000, 0x0000000081800000|100%|HC|  |TAMS 0x0000000081800000, 0x0000000081700000| Complete 
|  24|0x0000000081800000, 0x0000000081900000, 0x0000000081900000|100%|HC|  |TAMS 0x0000000081900000, 0x0000000081800000| Complete 
|  25|0x0000000081900000, 0x0000000081a00000, 0x0000000081a00000|100%|HC|  |TAMS 0x0000000081a00000, 0x0000000081900000| Complete 
|  26|0x0000000081a00000, 0x0000000081b00000, 0x0000000081b00000|100%|HC|  |TAMS 0x0000000081b00000, 0x0000000081a00000| Complete 
|  27|0x0000000081b00000, 0x0000000081c00000, 0x0000000081c00000|100%|HS|  |TAMS 0x0000000081c00000, 0x0000000081b00000| Complete 
|  28|0x0000000081c00000, 0x0000000081d00000, 0x0000000081d00000|100%|HC|  |TAMS 0x0000000081d00000, 0x0000000081c00000| Complete 
|  29|0x0000000081d00000, 0x0000000081e00000, 0x0000000081e00000|100%|HC|  |TAMS 0x0000000081e00000, 0x0000000081d00000| Complete 
|  30|0x0000000081e00000, 0x0000000081f00000, 0x0000000081f00000|100%|HS|  |TAMS 0x0000000081f00000, 0x0000000081e00000| Complete 
|  31|0x0000000081f00000, 0x0000000082000000, 0x0000000082000000|100%|HC|  |TAMS 0x0000000082000000, 0x0000000081f00000| Complete 
|  32|0x0000000082000000, 0x0000000082100000, 0x0000000082100000|100%|HC|  |TAMS 0x0000000082100000, 0x0000000082000000| Complete 
|  33|0x0000000082100000, 0x0000000082200000, 0x0000000082200000|100%| O|  |TAMS 0x0000000082200000, 0x0000000082100000| Untracked 
|  34|0x0000000082200000, 0x0000000082300000, 0x0000000082300000|100%| O|  |TAMS 0x0000000082300000, 0x0000000082200000| Untracked 
|  35|0x0000000082300000, 0x0000000082400000, 0x0000000082400000|100%| O|  |TAMS 0x0000000082400000, 0x0000000082300000| Untracked 
|  36|0x0000000082400000, 0x0000000082500000, 0x0000000082500000|100%| O|  |TAMS 0x0000000082500000, 0x0000000082400000| Untracked 
|  37|0x0000000082500000, 0x0000000082600000, 0x0000000082600000|100%|HS|  |TAMS 0x0000000082600000, 0x0000000082500000| Complete 
|  38|0x0000000082600000, 0x0000000082700000, 0x0000000082700000|100%| O|  |TAMS 0x0000000082700000, 0x0000000082600000| Untracked 
|  39|0x0000000082700000, 0x0000000082800000, 0x0000000082800000|100%| O|  |TAMS 0x0000000082800000, 0x0000000082700000| Untracked 
|  40|0x0000000082800000, 0x0000000082900000, 0x0000000082900000|100%| O|  |TAMS 0x0000000082900000, 0x0000000082800000| Untracked 
|  41|0x0000000082900000, 0x0000000082a00000, 0x0000000082a00000|100%| O|  |TAMS 0x0000000082a00000, 0x0000000082900000| Untracked 
|  42|0x0000000082a00000, 0x0000000082b00000, 0x0000000082b00000|100%| O|  |TAMS 0x0000000082b00000, 0x0000000082a00000| Untracked 
|  43|0x0000000082b00000, 0x0000000082c00000, 0x0000000082c00000|100%| O|  |TAMS 0x0000000082c00000, 0x0000000082b00000| Untracked 
|  44|0x0000000082c00000, 0x0000000082d00000, 0x0000000082d00000|100%| O|  |TAMS 0x0000000082d00000, 0x0000000082c00000| Untracked 
|  45|0x0000000082d00000, 0x0000000082e00000, 0x0000000082e00000|100%| O|  |TAMS 0x0000000082e00000, 0x0000000082d00000| Untracked 
|  46|0x0000000082e00000, 0x0000000082f00000, 0x0000000082f00000|100%| O|  |TAMS 0x0000000082f00000, 0x0000000082e00000| Untracked 
|  47|0x0000000082f00000, 0x0000000083000000, 0x0000000083000000|100%|HS|  |TAMS 0x0000000082f00000, 0x0000000082f00000| Complete 
|  48|0x0000000083000000, 0x0000000083100000, 0x0000000083100000|100%|HC|  |TAMS 0x0000000083000000, 0x0000000083000000| Complete 
|  49|0x0000000083100000, 0x0000000083200000, 0x0000000083200000|100%|HC|  |TAMS 0x0000000083100000, 0x0000000083100000| Complete 
|  50|0x0000000083200000, 0x0000000083300000, 0x0000000083300000|100%| O|  |TAMS 0x0000000083300000, 0x0000000083200000| Untracked 
|  51|0x0000000083300000, 0x0000000083400000, 0x0000000083400000|100%| O|  |TAMS 0x0000000083300000, 0x0000000083300000| Untracked 
|  52|0x0000000083400000, 0x0000000083500000, 0x0000000083500000|100%| O|  |TAMS 0x0000000083500000, 0x0000000083400000| Untracked 
|  53|0x0000000083500000, 0x0000000083600000, 0x0000000083600000|100%| O|  |TAMS 0x0000000083600000, 0x0000000083500000| Untracked 
|  54|0x0000000083600000, 0x0000000083700000, 0x0000000083700000|100%| O|  |TAMS 0x0000000083700000, 0x0000000083600000| Untracked 
|  55|0x0000000083700000, 0x0000000083800000, 0x0000000083800000|100%| O|  |TAMS 0x0000000083800000, 0x0000000083700000| Untracked 
|  56|0x0000000083800000, 0x0000000083900000, 0x0000000083900000|100%| O|  |TAMS 0x0000000083800000, 0x0000000083800000| Untracked 
|  57|0x0000000083900000, 0x0000000083a00000, 0x0000000083a00000|100%| O|  |TAMS 0x0000000083a00000, 0x0000000083900000| Untracked 
|  58|0x0000000083a00000, 0x0000000083b00000, 0x0000000083b00000|100%| O|  |TAMS 0x0000000083b00000, 0x0000000083a00000| Untracked 
|  59|0x0000000083b00000, 0x0000000083c00000, 0x0000000083c00000|100%|HS|  |TAMS 0x0000000083b00000, 0x0000000083b00000| Complete 
|  60|0x0000000083c00000, 0x0000000083d00000, 0x0000000083d00000|100%|HC|  |TAMS 0x0000000083c00000, 0x0000000083c00000| Complete 
|  61|0x0000000083d00000, 0x0000000083e00000, 0x0000000083e00000|100%|HC|  |TAMS 0x0000000083d00000, 0x0000000083d00000| Complete 
|  62|0x0000000083e00000, 0x0000000083f00000, 0x0000000083f00000|100%|HC|  |TAMS 0x0000000083e00000, 0x0000000083e00000| Complete 
|  63|0x0000000083f00000, 0x0000000084000000, 0x0000000084000000|100%|HC|  |TAMS 0x0000000083f00000, 0x0000000083f00000| Complete 
|  64|0x0000000084000000, 0x0000000084100000, 0x0000000084100000|100%| O|  |TAMS 0x0000000084000000, 0x0000000084000000| Untracked 
|  65|0x0000000084100000, 0x0000000084200000, 0x0000000084200000|100%| O|  |TAMS 0x0000000084100000, 0x0000000084100000| Untracked 
|  66|0x0000000084200000, 0x000000008429ca00, 0x0000000084300000| 61%| O|  |TAMS 0x0000000084200000, 0x0000000084200000| Untracked 
|  67|0x0000000084300000, 0x0000000084300000, 0x0000000084400000|  0%| F|  |TAMS 0x0000000084300000, 0x0000000084300000| Untracked 
|  68|0x0000000084400000, 0x0000000084400000, 0x0000000084500000|  0%| F|  |TAMS 0x0000000084400000, 0x0000000084400000| Untracked 
|  69|0x0000000084500000, 0x0000000084500000, 0x0000000084600000|  0%| F|  |TAMS 0x0000000084500000, 0x0000000084500000| Untracked 
|  70|0x0000000084600000, 0x0000000084600000, 0x0000000084700000|  0%| F|  |TAMS 0x0000000084600000, 0x0000000084600000| Untracked 
|  71|0x0000000084700000, 0x0000000084700000, 0x0000000084800000|  0%| F|  |TAMS 0x0000000084700000, 0x0000000084700000| Untracked 
|  72|0x0000000084800000, 0x0000000084800000, 0x0000000084900000|  0%| F|  |TAMS 0x0000000084800000, 0x0000000084800000| Untracked 
|  73|0x0000000084900000, 0x0000000084900000, 0x0000000084a00000|  0%| F|  |TAMS 0x0000000084900000, 0x0000000084900000| Untracked 
|  74|0x0000000084a00000, 0x0000000084a00000, 0x0000000084b00000|  0%| F|  |TAMS 0x0000000084a00000, 0x0000000084a00000| Untracked 
|  75|0x0000000084b00000, 0x0000000084b00000, 0x0000000084c00000|  0%| F|  |TAMS 0x0000000084b00000, 0x0000000084b00000| Untracked 
|  76|0x0000000084c00000, 0x0000000084c00000, 0x0000000084d00000|  0%| F|  |TAMS 0x0000000084c00000, 0x0000000084c00000| Untracked 
|  77|0x0000000084d00000, 0x0000000084d00000, 0x0000000084e00000|  0%| F|  |TAMS 0x0000000084d00000, 0x0000000084d00000| Untracked 
|  78|0x0000000084e00000, 0x0000000084e00000, 0x0000000084f00000|  0%| F|  |TAMS 0x0000000084e00000, 0x0000000084e00000| Untracked 
|  79|0x0000000084f00000, 0x0000000084f00000, 0x0000000085000000|  0%| F|  |TAMS 0x0000000084f00000, 0x0000000084f00000| Untracked 
|  80|0x0000000085000000, 0x0000000085000000, 0x0000000085100000|  0%| F|  |TAMS 0x0000000085000000, 0x0000000085000000| Untracked 
|  81|0x0000000085100000, 0x0000000085100000, 0x0000000085200000|  0%| F|  |TAMS 0x0000000085100000, 0x0000000085100000| Untracked 
|  82|0x0000000085200000, 0x0000000085200000, 0x0000000085300000|  0%| F|  |TAMS 0x0000000085200000, 0x0000000085200000| Untracked 
|  83|0x0000000085300000, 0x0000000085300000, 0x0000000085400000|  0%| F|  |TAMS 0x0000000085300000, 0x0000000085300000| Untracked 
|  84|0x0000000085400000, 0x0000000085400000, 0x0000000085500000|  0%| F|  |TAMS 0x0000000085400000, 0x0000000085400000| Untracked 
|  85|0x0000000085500000, 0x0000000085500000, 0x0000000085600000|  0%| F|  |TAMS 0x0000000085500000, 0x0000000085500000| Untracked 
|  86|0x0000000085600000, 0x0000000085600000, 0x0000000085700000|  0%| F|  |TAMS 0x0000000085600000, 0x0000000085600000| Untracked 
|  87|0x0000000085700000, 0x0000000085700000, 0x0000000085800000|  0%| F|  |TAMS 0x0000000085700000, 0x0000000085700000| Untracked 
|  88|0x0000000085800000, 0x0000000085827cc0, 0x0000000085900000| 15%| S|CS|TAMS 0x0000000085800000, 0x0000000085800000| Complete 
|  89|0x0000000085900000, 0x0000000085a00000, 0x0000000085a00000|100%| S|CS|TAMS 0x0000000085900000, 0x0000000085900000| Complete 
|  90|0x0000000085a00000, 0x0000000085b00000, 0x0000000085b00000|100%| S|CS|TAMS 0x0000000085a00000, 0x0000000085a00000| Complete 
|  91|0x0000000085b00000, 0x0000000085b00000, 0x0000000085c00000|  0%| F|  |TAMS 0x0000000085b00000, 0x0000000085b00000| Untracked 
|  92|0x0000000085c00000, 0x0000000085c00000, 0x0000000085d00000|  0%| F|  |TAMS 0x0000000085c00000, 0x0000000085c00000| Untracked 
|  93|0x0000000085d00000, 0x0000000085d00000, 0x0000000085e00000|  0%| F|  |TAMS 0x0000000085d00000, 0x0000000085d00000| Untracked 
|  94|0x0000000085e00000, 0x0000000085e00000, 0x0000000085f00000|  0%| F|  |TAMS 0x0000000085e00000, 0x0000000085e00000| Untracked 
|  95|0x0000000085f00000, 0x0000000085f00000, 0x0000000086000000|  0%| F|  |TAMS 0x0000000085f00000, 0x0000000085f00000| Untracked 
|  96|0x0000000086000000, 0x0000000086100000, 0x0000000086100000|100%| S|CS|TAMS 0x0000000086000000, 0x0000000086000000| Complete 
|  97|0x0000000086100000, 0x0000000086200000, 0x0000000086200000|100%| S|CS|TAMS 0x0000000086100000, 0x0000000086100000| Complete 
|  98|0x0000000086200000, 0x0000000086300000, 0x0000000086300000|100%| S|CS|TAMS 0x0000000086200000, 0x0000000086200000| Complete 
|  99|0x0000000086300000, 0x0000000086400000, 0x0000000086400000|100%| S|CS|TAMS 0x0000000086300000, 0x0000000086300000| Complete 
| 100|0x0000000086400000, 0x0000000086500000, 0x0000000086500000|100%| S|CS|TAMS 0x0000000086400000, 0x0000000086400000| Complete 
| 101|0x0000000086500000, 0x0000000086600000, 0x0000000086600000|100%| S|CS|TAMS 0x0000000086500000, 0x0000000086500000| Complete 
| 102|0x0000000086600000, 0x0000000086700000, 0x0000000086700000|100%| S|CS|TAMS 0x0000000086600000, 0x0000000086600000| Complete 
| 103|0x0000000086700000, 0x0000000086800000, 0x0000000086800000|100%| S|CS|TAMS 0x0000000086700000, 0x0000000086700000| Complete 
| 104|0x0000000086800000, 0x0000000086800000, 0x0000000086900000|  0%| F|  |TAMS 0x0000000086800000, 0x0000000086800000| Untracked 
| 105|0x0000000086900000, 0x0000000086900000, 0x0000000086a00000|  0%| F|  |TAMS 0x0000000086900000, 0x0000000086900000| Untracked 
| 106|0x0000000086a00000, 0x0000000086a00000, 0x0000000086b00000|  0%| F|  |TAMS 0x0000000086a00000, 0x0000000086a00000| Untracked 
| 107|0x0000000086b00000, 0x0000000086b00000, 0x0000000086c00000|  0%| F|  |TAMS 0x0000000086b00000, 0x0000000086b00000| Untracked 
| 108|0x0000000086c00000, 0x0000000086c00000, 0x0000000086d00000|  0%| F|  |TAMS 0x0000000086c00000, 0x0000000086c00000| Untracked 
| 109|0x0000000086d00000, 0x0000000086d00000, 0x0000000086e00000|  0%| F|  |TAMS 0x0000000086d00000, 0x0000000086d00000| Untracked 
| 110|0x0000000086e00000, 0x0000000086e00000, 0x0000000086f00000|  0%| F|  |TAMS 0x0000000086e00000, 0x0000000086e00000| Untracked 
| 111|0x0000000086f00000, 0x0000000086f00000, 0x0000000087000000|  0%| F|  |TAMS 0x0000000086f00000, 0x0000000086f00000| Untracked 
| 112|0x0000000087000000, 0x0000000087000000, 0x0000000087100000|  0%| F|  |TAMS 0x0000000087000000, 0x0000000087000000| Untracked 
| 113|0x0000000087100000, 0x0000000087100000, 0x0000000087200000|  0%| F|  |TAMS 0x0000000087100000, 0x0000000087100000| Untracked 
| 114|0x0000000087200000, 0x0000000087200000, 0x0000000087300000|  0%| F|  |TAMS 0x0000000087200000, 0x0000000087200000| Untracked 
| 115|0x0000000087300000, 0x0000000087300000, 0x0000000087400000|  0%| F|  |TAMS 0x0000000087300000, 0x0000000087300000| Untracked 
| 116|0x0000000087400000, 0x0000000087400000, 0x0000000087500000|  0%| F|  |TAMS 0x0000000087400000, 0x0000000087400000| Untracked 
| 117|0x0000000087500000, 0x0000000087500000, 0x0000000087600000|  0%| F|  |TAMS 0x0000000087500000, 0x0000000087500000| Untracked 
| 118|0x0000000087600000, 0x0000000087600000, 0x0000000087700000|  0%| F|  |TAMS 0x0000000087600000, 0x0000000087600000| Untracked 
| 119|0x0000000087700000, 0x0000000087700000, 0x0000000087800000|  0%| F|  |TAMS 0x0000000087700000, 0x0000000087700000| Untracked 
| 120|0x0000000087800000, 0x0000000087800000, 0x0000000087900000|  0%| F|  |TAMS 0x0000000087800000, 0x0000000087800000| Untracked 
| 121|0x0000000087900000, 0x0000000087900000, 0x0000000087a00000|  0%| F|  |TAMS 0x0000000087900000, 0x0000000087900000| Untracked 
| 122|0x0000000087a00000, 0x0000000087a00000, 0x0000000087b00000|  0%| F|  |TAMS 0x0000000087a00000, 0x0000000087a00000| Untracked 
| 123|0x0000000087b00000, 0x0000000087b00000, 0x0000000087c00000|  0%| F|  |TAMS 0x0000000087b00000, 0x0000000087b00000| Untracked 
| 124|0x0000000087c00000, 0x0000000087c00000, 0x0000000087d00000|  0%| F|  |TAMS 0x0000000087c00000, 0x0000000087c00000| Untracked 
| 125|0x0000000087d00000, 0x0000000087d00000, 0x0000000087e00000|  0%| F|  |TAMS 0x0000000087d00000, 0x0000000087d00000| Untracked 
| 126|0x0000000087e00000, 0x0000000087e00000, 0x0000000087f00000|  0%| F|  |TAMS 0x0000000087e00000, 0x0000000087e00000| Untracked 
| 127|0x0000000087f00000, 0x0000000087f00000, 0x0000000088000000|  0%| F|  |TAMS 0x0000000087f00000, 0x0000000087f00000| Untracked 
| 128|0x0000000088000000, 0x0000000088000000, 0x0000000088100000|  0%| F|  |TAMS 0x0000000088000000, 0x0000000088000000| Untracked 
| 129|0x0000000088100000, 0x0000000088100000, 0x0000000088200000|  0%| F|  |TAMS 0x0000000088100000, 0x0000000088100000| Untracked 
| 130|0x0000000088200000, 0x0000000088200000, 0x0000000088300000|  0%| F|  |TAMS 0x0000000088200000, 0x0000000088200000| Untracked 
| 131|0x0000000088300000, 0x0000000088300000, 0x0000000088400000|  0%| F|  |TAMS 0x0000000088300000, 0x0000000088300000| Untracked 
| 132|0x0000000088400000, 0x0000000088400000, 0x0000000088500000|  0%| F|  |TAMS 0x0000000088400000, 0x0000000088400000| Untracked 
| 133|0x0000000088500000, 0x0000000088500000, 0x0000000088600000|  0%| F|  |TAMS 0x0000000088500000, 0x0000000088500000| Untracked 
| 134|0x0000000088600000, 0x0000000088600000, 0x0000000088700000|  0%| F|  |TAMS 0x0000000088600000, 0x0000000088600000| Untracked 
| 135|0x0000000088700000, 0x0000000088700000, 0x0000000088800000|  0%| F|  |TAMS 0x0000000088700000, 0x0000000088700000| Untracked 
| 136|0x0000000088800000, 0x0000000088800000, 0x0000000088900000|  0%| F|  |TAMS 0x0000000088800000, 0x0000000088800000| Untracked 
| 137|0x0000000088900000, 0x0000000088900000, 0x0000000088a00000|  0%| F|  |TAMS 0x0000000088900000, 0x0000000088900000| Untracked 
| 138|0x0000000088a00000, 0x0000000088a00000, 0x0000000088b00000|  0%| F|  |TAMS 0x0000000088a00000, 0x0000000088a00000| Untracked 
| 139|0x0000000088b00000, 0x0000000088b00000, 0x0000000088c00000|  0%| F|  |TAMS 0x0000000088b00000, 0x0000000088b00000| Untracked 
| 140|0x0000000088c00000, 0x0000000088c00000, 0x0000000088d00000|  0%| F|  |TAMS 0x0000000088c00000, 0x0000000088c00000| Untracked 
| 141|0x0000000088d00000, 0x0000000088d00000, 0x0000000088e00000|  0%| F|  |TAMS 0x0000000088d00000, 0x0000000088d00000| Untracked 
| 142|0x0000000088e00000, 0x0000000088e00000, 0x0000000088f00000|  0%| F|  |TAMS 0x0000000088e00000, 0x0000000088e00000| Untracked 
| 143|0x0000000088f00000, 0x0000000088f00000, 0x0000000089000000|  0%| F|  |TAMS 0x0000000088f00000, 0x0000000088f00000| Untracked 
| 144|0x0000000089000000, 0x0000000089000000, 0x0000000089100000|  0%| F|  |TAMS 0x0000000089000000, 0x0000000089000000| Untracked 
| 145|0x0000000089100000, 0x0000000089100000, 0x0000000089200000|  0%| F|  |TAMS 0x0000000089100000, 0x0000000089100000| Untracked 
| 146|0x0000000089200000, 0x0000000089200000, 0x0000000089300000|  0%| F|  |TAMS 0x0000000089200000, 0x0000000089200000| Untracked 
| 147|0x0000000089300000, 0x0000000089300000, 0x0000000089400000|  0%| F|  |TAMS 0x0000000089300000, 0x0000000089300000| Untracked 
| 148|0x0000000089400000, 0x0000000089400000, 0x0000000089500000|  0%| F|  |TAMS 0x0000000089400000, 0x0000000089400000| Untracked 
| 149|0x0000000089500000, 0x0000000089500000, 0x0000000089600000|  0%| F|  |TAMS 0x0000000089500000, 0x0000000089500000| Untracked 
| 150|0x0000000089600000, 0x0000000089600000, 0x0000000089700000|  0%| F|  |TAMS 0x0000000089600000, 0x0000000089600000| Untracked 
| 151|0x0000000089700000, 0x0000000089700000, 0x0000000089800000|  0%| F|  |TAMS 0x0000000089700000, 0x0000000089700000| Untracked 
| 152|0x0000000089800000, 0x0000000089800000, 0x0000000089900000|  0%| F|  |TAMS 0x0000000089800000, 0x0000000089800000| Untracked 
| 153|0x0000000089900000, 0x0000000089900000, 0x0000000089a00000|  0%| F|  |TAMS 0x0000000089900000, 0x0000000089900000| Untracked 
| 154|0x0000000089a00000, 0x0000000089a00000, 0x0000000089b00000|  0%| F|  |TAMS 0x0000000089a00000, 0x0000000089a00000| Untracked 
| 155|0x0000000089b00000, 0x0000000089b00000, 0x0000000089c00000|  0%| F|  |TAMS 0x0000000089b00000, 0x0000000089b00000| Untracked 
| 156|0x0000000089c00000, 0x0000000089c00000, 0x0000000089d00000|  0%| F|  |TAMS 0x0000000089c00000, 0x0000000089c00000| Untracked 
| 157|0x0000000089d00000, 0x0000000089d00000, 0x0000000089e00000|  0%| F|  |TAMS 0x0000000089d00000, 0x0000000089d00000| Untracked 
| 158|0x0000000089e00000, 0x0000000089e00000, 0x0000000089f00000|  0%| F|  |TAMS 0x0000000089e00000, 0x0000000089e00000| Untracked 
| 159|0x0000000089f00000, 0x0000000089f00000, 0x000000008a000000|  0%| F|  |TAMS 0x0000000089f00000, 0x0000000089f00000| Untracked 
| 160|0x000000008a000000, 0x000000008a000000, 0x000000008a100000|  0%| F|  |TAMS 0x000000008a000000, 0x000000008a000000| Untracked 
| 161|0x000000008a100000, 0x000000008a100000, 0x000000008a200000|  0%| F|  |TAMS 0x000000008a100000, 0x000000008a100000| Untracked 
| 162|0x000000008a200000, 0x000000008a200000, 0x000000008a300000|  0%| F|  |TAMS 0x000000008a200000, 0x000000008a200000| Untracked 
| 163|0x000000008a300000, 0x000000008a300000, 0x000000008a400000|  0%| F|  |TAMS 0x000000008a300000, 0x000000008a300000| Untracked 
| 164|0x000000008a400000, 0x000000008a400000, 0x000000008a500000|  0%| F|  |TAMS 0x000000008a400000, 0x000000008a400000| Untracked 
| 165|0x000000008a500000, 0x000000008a500000, 0x000000008a600000|  0%| F|  |TAMS 0x000000008a500000, 0x000000008a500000| Untracked 
| 166|0x000000008a600000, 0x000000008a600000, 0x000000008a700000|  0%| F|  |TAMS 0x000000008a600000, 0x000000008a600000| Untracked 
| 167|0x000000008a700000, 0x000000008a700000, 0x000000008a800000|  0%| F|  |TAMS 0x000000008a700000, 0x000000008a700000| Untracked 
| 168|0x000000008a800000, 0x000000008a800000, 0x000000008a900000|  0%| F|  |TAMS 0x000000008a800000, 0x000000008a800000| Untracked 
| 169|0x000000008a900000, 0x000000008a900000, 0x000000008aa00000|  0%| F|  |TAMS 0x000000008a900000, 0x000000008a900000| Untracked 
| 170|0x000000008aa00000, 0x000000008aa00000, 0x000000008ab00000|  0%| F|  |TAMS 0x000000008aa00000, 0x000000008aa00000| Untracked 
| 171|0x000000008ab00000, 0x000000008ab00000, 0x000000008ac00000|  0%| F|  |TAMS 0x000000008ab00000, 0x000000008ab00000| Untracked 
| 172|0x000000008ac00000, 0x000000008ac00000, 0x000000008ad00000|  0%| F|  |TAMS 0x000000008ac00000, 0x000000008ac00000| Untracked 
| 173|0x000000008ad00000, 0x000000008ad00000, 0x000000008ae00000|  0%| F|  |TAMS 0x000000008ad00000, 0x000000008ad00000| Untracked 
| 174|0x000000008ae00000, 0x000000008ae00000, 0x000000008af00000|  0%| F|  |TAMS 0x000000008ae00000, 0x000000008ae00000| Untracked 
| 175|0x000000008af00000, 0x000000008af00000, 0x000000008b000000|  0%| F|  |TAMS 0x000000008af00000, 0x000000008af00000| Untracked 
| 176|0x000000008b000000, 0x000000008b000000, 0x000000008b100000|  0%| F|  |TAMS 0x000000008b000000, 0x000000008b000000| Untracked 
| 177|0x000000008b100000, 0x000000008b100000, 0x000000008b200000|  0%| F|  |TAMS 0x000000008b100000, 0x000000008b100000| Untracked 
| 178|0x000000008b200000, 0x000000008b200000, 0x000000008b300000|  0%| F|  |TAMS 0x000000008b200000, 0x000000008b200000| Untracked 
| 179|0x000000008b300000, 0x000000008b300000, 0x000000008b400000|  0%| F|  |TAMS 0x000000008b300000, 0x000000008b300000| Untracked 
| 180|0x000000008b400000, 0x000000008b400000, 0x000000008b500000|  0%| F|  |TAMS 0x000000008b400000, 0x000000008b400000| Untracked 
| 181|0x000000008b500000, 0x000000008b500000, 0x000000008b600000|  0%| F|  |TAMS 0x000000008b500000, 0x000000008b500000| Untracked 
| 182|0x000000008b600000, 0x000000008b600000, 0x000000008b700000|  0%| F|  |TAMS 0x000000008b600000, 0x000000008b600000| Untracked 
| 183|0x000000008b700000, 0x000000008b700000, 0x000000008b800000|  0%| F|  |TAMS 0x000000008b700000, 0x000000008b700000| Untracked 
| 184|0x000000008b800000, 0x000000008b800000, 0x000000008b900000|  0%| F|  |TAMS 0x000000008b800000, 0x000000008b800000| Untracked 
| 185|0x000000008b900000, 0x000000008b900000, 0x000000008ba00000|  0%| F|  |TAMS 0x000000008b900000, 0x000000008b900000| Untracked 
| 186|0x000000008ba00000, 0x000000008ba00000, 0x000000008bb00000|  0%| F|  |TAMS 0x000000008ba00000, 0x000000008ba00000| Untracked 
| 187|0x000000008bb00000, 0x000000008bb00000, 0x000000008bc00000|  0%| F|  |TAMS 0x000000008bb00000, 0x000000008bb00000| Untracked 
| 188|0x000000008bc00000, 0x000000008bc00000, 0x000000008bd00000|  0%| F|  |TAMS 0x000000008bc00000, 0x000000008bc00000| Untracked 
| 189|0x000000008bd00000, 0x000000008bd00000, 0x000000008be00000|  0%| F|  |TAMS 0x000000008bd00000, 0x000000008bd00000| Untracked 
| 190|0x000000008be00000, 0x000000008be00000, 0x000000008bf00000|  0%| F|  |TAMS 0x000000008be00000, 0x000000008be00000| Untracked 
| 191|0x000000008bf00000, 0x000000008bf00000, 0x000000008c000000|  0%| F|  |TAMS 0x000000008bf00000, 0x000000008bf00000| Untracked 
| 192|0x000000008c000000, 0x000000008c000000, 0x000000008c100000|  0%| F|  |TAMS 0x000000008c000000, 0x000000008c000000| Untracked 
| 193|0x000000008c100000, 0x000000008c100000, 0x000000008c200000|  0%| F|  |TAMS 0x000000008c100000, 0x000000008c100000| Untracked 
| 194|0x000000008c200000, 0x000000008c200000, 0x000000008c300000|  0%| F|  |TAMS 0x000000008c200000, 0x000000008c200000| Untracked 
| 195|0x000000008c300000, 0x000000008c300000, 0x000000008c400000|  0%| F|  |TAMS 0x000000008c300000, 0x000000008c300000| Untracked 
| 196|0x000000008c400000, 0x000000008c400000, 0x000000008c500000|  0%| F|  |TAMS 0x000000008c400000, 0x000000008c400000| Untracked 
| 197|0x000000008c500000, 0x000000008c500000, 0x000000008c600000|  0%| F|  |TAMS 0x000000008c500000, 0x000000008c500000| Untracked 
| 198|0x000000008c600000, 0x000000008c600000, 0x000000008c700000|  0%| F|  |TAMS 0x000000008c600000, 0x000000008c600000| Untracked 
| 199|0x000000008c700000, 0x000000008c700000, 0x000000008c800000|  0%| F|  |TAMS 0x000000008c700000, 0x000000008c700000| Untracked 
| 200|0x000000008c800000, 0x000000008c800000, 0x000000008c900000|  0%| F|  |TAMS 0x000000008c800000, 0x000000008c800000| Untracked 
| 201|0x000000008c900000, 0x000000008c900000, 0x000000008ca00000|  0%| F|  |TAMS 0x000000008c900000, 0x000000008c900000| Untracked 
| 202|0x000000008ca00000, 0x000000008ca00000, 0x000000008cb00000|  0%| F|  |TAMS 0x000000008ca00000, 0x000000008ca00000| Untracked 
| 203|0x000000008cb00000, 0x000000008cb00000, 0x000000008cc00000|  0%| F|  |TAMS 0x000000008cb00000, 0x000000008cb00000| Untracked 
| 204|0x000000008cc00000, 0x000000008cc00000, 0x000000008cd00000|  0%| F|  |TAMS 0x000000008cc00000, 0x000000008cc00000| Untracked 
| 205|0x000000008cd00000, 0x000000008cd00000, 0x000000008ce00000|  0%| F|  |TAMS 0x000000008cd00000, 0x000000008cd00000| Untracked 
| 206|0x000000008ce00000, 0x000000008ce00000, 0x000000008cf00000|  0%| F|  |TAMS 0x000000008ce00000, 0x000000008ce00000| Untracked 
| 207|0x000000008cf00000, 0x000000008cf00000, 0x000000008d000000|  0%| F|  |TAMS 0x000000008cf00000, 0x000000008cf00000| Untracked 
| 208|0x000000008d000000, 0x000000008d000000, 0x000000008d100000|  0%| F|  |TAMS 0x000000008d000000, 0x000000008d000000| Untracked 
| 209|0x000000008d100000, 0x000000008d100000, 0x000000008d200000|  0%| F|  |TAMS 0x000000008d100000, 0x000000008d100000| Untracked 
| 210|0x000000008d200000, 0x000000008d200000, 0x000000008d300000|  0%| F|  |TAMS 0x000000008d200000, 0x000000008d200000| Untracked 
| 211|0x000000008d300000, 0x000000008d300000, 0x000000008d400000|  0%| F|  |TAMS 0x000000008d300000, 0x000000008d300000| Untracked 
| 212|0x000000008d400000, 0x000000008d400000, 0x000000008d500000|  0%| F|  |TAMS 0x000000008d400000, 0x000000008d400000| Untracked 
| 213|0x000000008d500000, 0x000000008d500000, 0x000000008d600000|  0%| F|  |TAMS 0x000000008d500000, 0x000000008d500000| Untracked 
| 214|0x000000008d600000, 0x000000008d600000, 0x000000008d700000|  0%| F|  |TAMS 0x000000008d600000, 0x000000008d600000| Untracked 
| 215|0x000000008d700000, 0x000000008d700000, 0x000000008d800000|  0%| F|  |TAMS 0x000000008d700000, 0x000000008d700000| Untracked 
| 216|0x000000008d800000, 0x000000008d800000, 0x000000008d900000|  0%| F|  |TAMS 0x000000008d800000, 0x000000008d800000| Untracked 
| 217|0x000000008d900000, 0x000000008d900000, 0x000000008da00000|  0%| F|  |TAMS 0x000000008d900000, 0x000000008d900000| Untracked 
| 218|0x000000008da00000, 0x000000008da00000, 0x000000008db00000|  0%| F|  |TAMS 0x000000008da00000, 0x000000008da00000| Untracked 
| 219|0x000000008db00000, 0x000000008db00000, 0x000000008dc00000|  0%| F|  |TAMS 0x000000008db00000, 0x000000008db00000| Untracked 
| 220|0x000000008dc00000, 0x000000008dc00000, 0x000000008dd00000|  0%| F|  |TAMS 0x000000008dc00000, 0x000000008dc00000| Untracked 
| 221|0x000000008dd00000, 0x000000008dd00000, 0x000000008de00000|  0%| F|  |TAMS 0x000000008dd00000, 0x000000008dd00000| Untracked 
| 222|0x000000008de00000, 0x000000008de00000, 0x000000008df00000|  0%| F|  |TAMS 0x000000008de00000, 0x000000008de00000| Untracked 
| 223|0x000000008df00000, 0x000000008df00000, 0x000000008e000000|  0%| F|  |TAMS 0x000000008df00000, 0x000000008df00000| Untracked 
| 224|0x000000008e000000, 0x000000008e000000, 0x000000008e100000|  0%| F|  |TAMS 0x000000008e000000, 0x000000008e000000| Untracked 
| 225|0x000000008e100000, 0x000000008e100000, 0x000000008e200000|  0%| F|  |TAMS 0x000000008e100000, 0x000000008e100000| Untracked 
| 226|0x000000008e200000, 0x000000008e200000, 0x000000008e300000|  0%| F|  |TAMS 0x000000008e200000, 0x000000008e200000| Untracked 
| 251|0x000000008fb00000, 0x000000008fb00000, 0x000000008fc00000|  0%| F|  |TAMS 0x000000008fb00000, 0x000000008fb00000| Untracked 

Card table byte_map: [0x00000248f14d0000,0x00000248f18d0000] _byte_map_base: 0x00000248f10d0000

Marking Bits (Prev, Next): (CMBitMap*) 0x00000248de70a500, (CMBitMap*) 0x00000248de70a540
 Prev Bits: [0x00000248f1cd0000, 0x00000248f3cd0000)
 Next Bits: [0x00000248f3cd0000, 0x00000248f5cd0000)

Polling page: 0x00000248dde60000

Metaspace:

Usage:
  Non-class:     48.87 MB used.
      Class:      7.62 MB used.
       Both:     56.49 MB used.

Virtual space:
  Non-class space:       64.00 MB reserved,      49.12 MB ( 77%) committed,  1 nodes.
      Class space:        1.00 GB reserved,       7.81 MB ( <1%) committed,  1 nodes.
             Both:        1.06 GB reserved,      56.94 MB (  5%) committed. 

Chunk freelists:
   Non-Class:  14.91 MB
       Class:  8.19 MB
        Both:  23.10 MB

MaxMetaspaceSize: unlimited
CompressedClassSpaceSize: 1.00 GB
Initial GC threshold: 21.00 MB
Current GC threshold: 93.75 MB
CDS: off
MetaspaceReclaimPolicy: balanced
 - commit_granule_bytes: 65536.
 - commit_granule_words: 8192.
 - virtual_space_node_default_size: 8388608.
 - enlarge_chunks_in_place: 1.
 - new_chunks_are_fully_committed: 0.
 - uncommit_free_chunks: 1.
 - use_allocation_guard: 0.
 - handle_deallocations: 1.


Internal statistics:

num_allocs_failed_limit: 3.
num_arena_births: 512.
num_arena_deaths: 4.
num_vsnodes_births: 2.
num_vsnodes_deaths: 0.
num_space_committed: 911.
num_space_uncommitted: 0.
num_chunks_returned_to_freelist: 9.
num_chunks_taken_from_freelist: 2396.
num_chunk_merges: 3.
num_chunk_splits: 1580.
num_chunks_enlarged: 1118.
num_inconsistent_stats: 0.

CodeHeap 'non-profiled nmethods': size=120000Kb used=4559Kb max_used=5751Kb free=115440Kb
 bounds [0x00000248e9650000, 0x00000248e9bf0000, 0x00000248f0b80000]
CodeHeap 'profiled nmethods': size=120000Kb used=10706Kb max_used=11920Kb free=109293Kb
 bounds [0x00000248e1b80000, 0x00000248e2770000, 0x00000248e90b0000]
CodeHeap 'non-nmethods': size=5760Kb used=2337Kb max_used=2420Kb free=3422Kb
 bounds [0x00000248e90b0000, 0x00000248e9330000, 0x00000248e9650000]
 total_blobs=6573 nmethods=5730 adapters=755
 compilation: enabled
              stopped_count=0, restarted_count=0
 full_count=0

Compilation events (20 events):
Event: 18.430 Thread 0x00000248f8a591a0 nmethod 7428 0x00000248e98cea10 code [0x00000248e98cebe0, 0x00000248e98cf7f8]
Event: 18.430 Thread 0x00000248f8a591a0 7434       4       org.objectweb.asm.MethodVisitor::visitTypeAnnotation (41 bytes)
Event: 18.431 Thread 0x00000248f8a591a0 nmethod 7434 0x00000248e998a510 code [0x00000248e998a6a0, 0x00000248e998a798]
Event: 18.431 Thread 0x00000248f8a591a0 7436       4       org.objectweb.asm.Handler::getExceptionTableSize (10 bytes)
Event: 18.432 Thread 0x00000248f8a5d560 nmethod 7430 0x00000248e2594790 code [0x00000248e2594e20, 0x00000248e2597388]
Event: 18.432 Thread 0x00000248f8a5d560 7437       3       org.objectweb.asm.ClassReader::readField (671 bytes)
Event: 18.432 Thread 0x00000248f8a591a0 nmethod 7436 0x00000248e9661910 code [0x00000248e9661a80, 0x00000248e9661b18]
Event: 18.434 Thread 0x00000248f8a5d560 nmethod 7437 0x00000248e2671790 code [0x00000248e2671ce0, 0x00000248e26742e8]
Event: 18.434 Thread 0x00000248f8a5d560 7433       3       org.objectweb.asm.AnnotationWriter::computeAnnotationsSize (66 bytes)
Event: 18.434 Thread 0x00000248f8a5d560 nmethod 7433 0x00000248e2501d10 code [0x00000248e2501ee0, 0x00000248e2502218]
Event: 18.434 Thread 0x00000248f8a5d560 7432       3       org.objectweb.asm.MethodWriter::computeMethodInfoSize (571 bytes)
Event: 18.435 Thread 0x00000248f8a5d560 nmethod 7432 0x00000248e26a8a10 code [0x00000248e26a8d40, 0x00000248e26a9ce8]
Event: 18.435 Thread 0x00000248f8a5d560 7435       3       org.objectweb.asm.AnnotationWriter::visitEnd (44 bytes)
Event: 18.436 Thread 0x00000248f8a5d560 nmethod 7435 0x00000248e1c5b910 code [0x00000248e1c5baa0, 0x00000248e1c5bc38]
Event: 18.436 Thread 0x00000248f8a5d560 7438       3       org.objectweb.asm.FieldWriter::computeFieldInfoSize (86 bytes)
Event: 18.436 Thread 0x00000248f8a5d560 nmethod 7438 0x00000248e207bb90 code [0x00000248e207bd60, 0x00000248e207c038]
Event: 18.436 Thread 0x00000248f8a5d560 7429       3       org.objectweb.asm.FieldWriter::putFieldInfo (269 bytes)
Event: 18.436 Thread 0x00000248f8a5d560 nmethod 7429 0x00000248e1c5c210 code [0x00000248e1c5c480, 0x00000248e1c5cd88]
Event: 18.448 Thread 0x00000248f8a5d560 7439       3       org.objectweb.asm.ClassVisitor::visitTypeAnnotation (41 bytes)
Event: 18.449 Thread 0x00000248f8a5d560 nmethod 7439 0x00000248e1e3e610 code [0x00000248e1e3e7e0, 0x00000248e1e3eb38]

GC Heap History (20 events):
Event: 14.915 GC heap after
{Heap after GC invocations=49 (full 0):
 garbage-first heap   total 194560K, used 66880K [0x0000000080000000, 0x0000000100000000)
  region size 1024K, 8 young (8192K), 8 survivors (8192K)
 Metaspace       used 57247K, committed 57728K, reserved 1114112K
  class space    used 7745K, committed 7936K, reserved 1048576K
}
Event: 15.191 GC heap before
{Heap before GC invocations=49 (full 0):
 garbage-first heap   total 194560K, used 165184K [0x0000000080000000, 0x0000000100000000)
  region size 1024K, 104 young (106496K), 8 survivors (8192K)
 Metaspace       used 57247K, committed 57728K, reserved 1114112K
  class space    used 7745K, committed 7936K, reserved 1048576K
}
Event: 15.196 GC heap after
{Heap after GC invocations=50 (full 0):
 garbage-first heap   total 194560K, used 64686K [0x0000000080000000, 0x0000000100000000)
  region size 1024K, 8 young (8192K), 8 survivors (8192K)
 Metaspace       used 57247K, committed 57728K, reserved 1114112K
  class space    used 7745K, committed 7936K, reserved 1048576K
}
Event: 16.273 GC heap before
{Heap before GC invocations=50 (full 0):
 garbage-first heap   total 194560K, used 169134K [0x0000000080000000, 0x0000000100000000)
  region size 1024K, 107 young (109568K), 8 survivors (8192K)
 Metaspace       used 57547K, committed 57984K, reserved 1114112K
  class space    used 7764K, committed 8000K, reserved 1048576K
}
Event: 16.277 GC heap after
{Heap after GC invocations=51 (full 0):
 garbage-first heap   total 194560K, used 64433K [0x0000000080000000, 0x0000000100000000)
  region size 1024K, 5 young (5120K), 5 survivors (5120K)
 Metaspace       used 57547K, committed 57984K, reserved 1114112K
  class space    used 7764K, committed 8000K, reserved 1048576K
}
Event: 16.673 GC heap before
{Heap before GC invocations=51 (full 0):
 garbage-first heap   total 194560K, used 171953K [0x0000000080000000, 0x0000000100000000)
  region size 1024K, 106 young (108544K), 5 survivors (5120K)
 Metaspace       used 57761K, committed 58240K, reserved 1114112K
  class space    used 7797K, committed 8000K, reserved 1048576K
}
Event: 16.678 GC heap after
{Heap after GC invocations=52 (full 0):
 garbage-first heap   total 194560K, used 72378K [0x0000000080000000, 0x0000000100000000)
  region size 1024K, 8 young (8192K), 8 survivors (8192K)
 Metaspace       used 57761K, committed 58240K, reserved 1114112K
  class space    used 7797K, committed 8000K, reserved 1048576K
}
Event: 16.795 GC heap before
{Heap before GC invocations=52 (full 0):
 garbage-first heap   total 194560K, used 164538K [0x0000000080000000, 0x0000000100000000)
  region size 1024K, 99 young (101376K), 8 survivors (8192K)
 Metaspace       used 57808K, committed 58304K, reserved 1114112K
  class space    used 7798K, committed 8000K, reserved 1048576K
}
Event: 16.798 GC heap after
{Heap after GC invocations=53 (full 0):
 garbage-first heap   total 194560K, used 72764K [0x0000000080000000, 0x0000000100000000)
  region size 1024K, 8 young (8192K), 8 survivors (8192K)
 Metaspace       used 57808K, committed 58304K, reserved 1114112K
  class space    used 7798K, committed 8000K, reserved 1048576K
}
Event: 16.948 GC heap before
{Heap before GC invocations=53 (full 0):
 garbage-first heap   total 194560K, used 164924K [0x0000000080000000, 0x0000000100000000)
  region size 1024K, 99 young (101376K), 8 survivors (8192K)
 Metaspace       used 57819K, committed 58304K, reserved 1114112K
  class space    used 7798K, committed 8000K, reserved 1048576K
}
Event: 16.952 GC heap after
{Heap after GC invocations=54 (full 0):
 garbage-first heap   total 233472K, used 73387K [0x0000000080000000, 0x0000000100000000)
  region size 1024K, 8 young (8192K), 8 survivors (8192K)
 Metaspace       used 57819K, committed 58304K, reserved 1114112K
  class space    used 7798K, committed 8000K, reserved 1048576K
}
Event: 17.206 GC heap before
{Heap before GC invocations=54 (full 0):
 garbage-first heap   total 233472K, used 200363K [0x0000000080000000, 0x0000000100000000)
  region size 1024K, 132 young (135168K), 8 survivors (8192K)
 Metaspace       used 57824K, committed 58304K, reserved 1114112K
  class space    used 7798K, committed 8000K, reserved 1048576K
}
Event: 17.211 GC heap after
{Heap after GC invocations=55 (full 0):
 garbage-first heap   total 233472K, used 73429K [0x0000000080000000, 0x0000000100000000)
  region size 1024K, 8 young (8192K), 8 survivors (8192K)
 Metaspace       used 57824K, committed 58304K, reserved 1114112K
  class space    used 7798K, committed 8000K, reserved 1048576K
}
Event: 17.570 GC heap before
{Heap before GC invocations=55 (full 0):
 garbage-first heap   total 233472K, used 200405K [0x0000000080000000, 0x0000000100000000)
  region size 1024K, 132 young (135168K), 8 survivors (8192K)
 Metaspace       used 57838K, committed 58304K, reserved 1114112K
  class space    used 7801K, committed 8000K, reserved 1048576K
}
Event: 17.575 GC heap after
{Heap after GC invocations=56 (full 0):
 garbage-first heap   total 233472K, used 74694K [0x0000000080000000, 0x0000000100000000)
  region size 1024K, 9 young (9216K), 9 survivors (9216K)
 Metaspace       used 57838K, committed 58304K, reserved 1114112K
  class space    used 7801K, committed 8000K, reserved 1048576K
}
Event: 17.872 GC heap before
{Heap before GC invocations=56 (full 0):
 garbage-first heap   total 233472K, used 199622K [0x0000000080000000, 0x0000000100000000)
  region size 1024K, 131 young (134144K), 9 survivors (9216K)
 Metaspace       used 57844K, committed 58304K, reserved 1114112K
  class space    used 7801K, committed 8000K, reserved 1048576K
}
Event: 17.877 GC heap after
{Heap after GC invocations=57 (full 0):
 garbage-first heap   total 233472K, used 75955K [0x0000000080000000, 0x0000000100000000)
  region size 1024K, 11 young (11264K), 11 survivors (11264K)
 Metaspace       used 57844K, committed 58304K, reserved 1114112K
  class space    used 7801K, committed 8000K, reserved 1048576K
}
Event: 18.181 GC heap before
{Heap before GC invocations=57 (full 0):
 garbage-first heap   total 233472K, used 196787K [0x0000000080000000, 0x0000000100000000)
  region size 1024K, 129 young (132096K), 11 survivors (11264K)
 Metaspace       used 57846K, committed 58304K, reserved 1114112K
  class space    used 7802K, committed 8000K, reserved 1048576K
}
Event: 18.188 GC heap after
{Heap after GC invocations=58 (full 0):
 garbage-first heap   total 233472K, used 77426K [0x0000000080000000, 0x0000000100000000)
  region size 1024K, 9 young (9216K), 9 survivors (9216K)
 Metaspace       used 57846K, committed 58304K, reserved 1114112K
  class space    used 7802K, committed 8000K, reserved 1048576K
}
Event: 18.450 GC heap before
{Heap before GC invocations=58 (full 0):
 garbage-first heap   total 233472K, used 200306K [0x0000000080000000, 0x0000000100000000)
  region size 1024K, 129 young (132096K), 9 survivors (9216K)
 Metaspace       used 57847K, committed 58304K, reserved 1114112K
  class space    used 7802K, committed 8000K, reserved 1048576K
}

Dll operation events (3 events):
Event: 0.011 Loaded shared library C:\Program Files\Android\Android Studio\jbr\bin\java.dll
Event: 0.175 Loaded shared library C:\Program Files\Android\Android Studio\jbr\bin\zip.dll
Event: 0.621 Loaded shared library C:\Program Files\Android\Android Studio\jbr\bin\verify.dll

Deoptimization events (20 events):
Event: 18.415 Thread 0x00000248809a43d0 DEOPT PACKING pc=0x00000248e9a49c80 sp=0x000000da4cdfc020
Event: 18.415 Thread 0x00000248809a43d0 DEOPT UNPACKING pc=0x00000248e910a1a3 sp=0x000000da4cdfbf48 mode 2
Event: 18.415 Thread 0x00000248809a43d0 Uncommon trap: trap_request=0xffffff45 fr.pc=0x00000248e9a2b360 relative=0x0000000000001200
Event: 18.415 Thread 0x00000248809a43d0 Uncommon trap: reason=unstable_if action=reinterpret pc=0x00000248e9a2b360 method=org.objectweb.asm.FieldWriter.putFieldInfo(Lorg/objectweb/asm/ByteVector;)V @ 135 c2
Event: 18.415 Thread 0x00000248809a43d0 DEOPT PACKING pc=0x00000248e9a2b360 sp=0x000000da4cdfbfd0
Event: 18.415 Thread 0x00000248809a43d0 DEOPT UNPACKING pc=0x00000248e910a1a3 sp=0x000000da4cdfbfc8 mode 2
Event: 18.415 Thread 0x00000248809a43d0 Uncommon trap: trap_request=0xffffff45 fr.pc=0x00000248e99dc8fc relative=0x0000000000003dfc
Event: 18.415 Thread 0x00000248809a43d0 Uncommon trap: reason=unstable_if action=reinterpret pc=0x00000248e99dc8fc method=org.objectweb.asm.MethodWriter.putMethodInfo(Lorg/objectweb/asm/ByteVector;)V @ 200 c2
Event: 18.415 Thread 0x00000248809a43d0 DEOPT PACKING pc=0x00000248e99dc8fc sp=0x000000da4cdfbfc0
Event: 18.415 Thread 0x00000248809a43d0 DEOPT UNPACKING pc=0x00000248e910a1a3 sp=0x000000da4cdfbfa8 mode 2
Event: 18.416 Thread 0x00000248809a43d0 Uncommon trap: trap_request=0xffffff45 fr.pc=0x00000248e996c848 relative=0x0000000000000188
Event: 18.416 Thread 0x00000248809a43d0 Uncommon trap: reason=unstable_if action=reinterpret pc=0x00000248e996c848 method=org.objectweb.asm.AnnotationWriter.computeAnnotationsSize(Lorg/objectweb/asm/AnnotationWriter;Lorg/objectweb/asm/AnnotationWriter;Lorg/objectweb/asm/AnnotationWriter;Lorg/ob
Event: 18.416 Thread 0x00000248809a43d0 DEOPT PACKING pc=0x00000248e996c848 sp=0x000000da4cdfbfa0
Event: 18.416 Thread 0x00000248809a43d0 DEOPT UNPACKING pc=0x00000248e910a1a3 sp=0x000000da4cdfbf48 mode 2
Event: 18.425 Thread 0x00000248809a43d0 DEOPT PACKING pc=0x00000248e272d996 sp=0x000000da4cdfb930
Event: 18.425 Thread 0x00000248809a43d0 DEOPT UNPACKING pc=0x00000248e910ace3 sp=0x000000da4cdfb060 mode 0
Event: 18.435 Thread 0x00000248809a43d0 DEOPT PACKING pc=0x00000248e272d996 sp=0x000000da4cdfb870
Event: 18.435 Thread 0x00000248809a43d0 DEOPT UNPACKING pc=0x00000248e910ace3 sp=0x000000da4cdfaf80 mode 0
Event: 18.441 Thread 0x00000248809a43d0 DEOPT PACKING pc=0x00000248e272d996 sp=0x000000da4cdfb870
Event: 18.441 Thread 0x00000248809a43d0 DEOPT UNPACKING pc=0x00000248e910ace3 sp=0x000000da4cdfaf80 mode 0

Classes unloaded (5 events):
Event: 10.633 Thread 0x00000248f8a0b630 Unloading class 0x0000000100680558 '_BuildScript_$_run_closure1'
Event: 10.633 Thread 0x00000248f8a0b630 Unloading class 0x0000000100680000 '_BuildScript_'
Event: 10.849 Thread 0x00000248f8a0b630 Unloading class 0x0000000100719968 '_BuildScript_$_run_closure1$_closure2'
Event: 10.849 Thread 0x00000248f8a0b630 Unloading class 0x0000000100719558 '_BuildScript_$_run_closure1'
Event: 10.849 Thread 0x00000248f8a0b630 Unloading class 0x0000000100719000 '_BuildScript_'

Classes redefined (0 events):
No events

Internal exceptions (20 events):
Event: 16.575 Thread 0x00000248809a34a0 Exception <a 'sun/nio/fs/WindowsException'{0x0000000088c0e060}> (0x0000000088c0e060) 
thrown [s\src\hotspot\share\prims\jni.cpp, line 531]
Event: 16.580 Thread 0x000002488177b3b0 Exception <a 'sun/nio/fs/WindowsException'{0x0000000088a0bb08}> (0x0000000088a0bb08) 
thrown [s\src\hotspot\share\prims\jni.cpp, line 531]
Event: 16.583 Thread 0x00000248809a39b0 Exception <a 'sun/nio/fs/WindowsException'{0x0000000088b92290}> (0x0000000088b92290) 
thrown [s\src\hotspot\share\prims\jni.cpp, line 531]
Event: 16.587 Thread 0x000002488177a480 Exception <a 'sun/nio/fs/WindowsException'{0x0000000088b0eb50}> (0x0000000088b0eb50) 
thrown [s\src\hotspot\share\prims\jni.cpp, line 531]
Event: 16.587 Thread 0x00000248809a2570 Exception <a 'sun/nio/fs/WindowsException'{0x0000000088e8c180}> (0x0000000088e8c180) 
thrown [s\src\hotspot\share\prims\jni.cpp, line 531]
Event: 16.604 Thread 0x00000248fe202f90 Exception <a 'sun/nio/fs/WindowsException'{0x0000000088c937f8}> (0x0000000088c937f8) 
thrown [s\src\hotspot\share\prims\jni.cpp, line 531]
Event: 16.604 Thread 0x00000248809a2f90 Exception <a 'sun/nio/fs/WindowsException'{0x00000000886b0190}> (0x00000000886b0190) 
thrown [s\src\hotspot\share\prims\jni.cpp, line 531]
Event: 16.607 Thread 0x00000248809a2f90 Exception <a 'sun/nio/fs/WindowsException'{0x00000000886b0738}> (0x00000000886b0738) 
thrown [s\src\hotspot\share\prims\jni.cpp, line 531]
Event: 16.644 Thread 0x000002488177b3b0 Exception <a 'sun/nio/fs/WindowsException'{0x0000000087d0ff78}> (0x0000000087d0ff78) 
thrown [s\src\hotspot\share\prims\jni.cpp, line 531]
Event: 16.652 Thread 0x000002488177b3b0 Exception <a 'sun/nio/fs/WindowsException'{0x0000000087d10498}> (0x0000000087d10498) 
thrown [s\src\hotspot\share\prims\jni.cpp, line 531]
Event: 16.665 Thread 0x000002488177a480 Exception <a 'sun/nio/fs/WindowsException'{0x0000000086af44e8}> (0x0000000086af44e8) 
thrown [s\src\hotspot\share\prims\jni.cpp, line 531]
Event: 16.668 Thread 0x000002488177a480 Exception <a 'sun/nio/fs/WindowsException'{0x0000000086af4ac8}> (0x0000000086af4ac8) 
thrown [s\src\hotspot\share\prims\jni.cpp, line 531]
Event: 16.671 Thread 0x00000248809a2570 Exception <a 'sun/nio/fs/WindowsException'{0x0000000085c814a0}> (0x0000000085c814a0) 
thrown [s\src\hotspot\share\prims\jni.cpp, line 531]
Event: 16.689 Thread 0x00000248809a2570 Exception <a 'sun/nio/fs/WindowsException'{0x000000008c9012d0}> (0x000000008c9012d0) 
thrown [s\src\hotspot\share\prims\jni.cpp, line 531]
Event: 16.737 Thread 0x00000248809a39b0 Exception <a 'sun/nio/fs/WindowsException'{0x000000008912d0f8}> (0x000000008912d0f8) 
thrown [s\src\hotspot\share\prims\jni.cpp, line 531]
Event: 16.740 Thread 0x00000248809a39b0 Exception <a 'sun/nio/fs/WindowsException'{0x000000008912d6d8}> (0x000000008912d6d8) 
thrown [s\src\hotspot\share\prims\jni.cpp, line 531]
Event: 16.784 Thread 0x00000248809a34a0 Exception <a 'sun/nio/fs/WindowsException'{0x0000000086800488}> (0x0000000086800488) 
thrown [s\src\hotspot\share\prims\jni.cpp, line 531]
Event: 16.787 Thread 0x00000248809a34a0 Exception <a 'sun/nio/fs/WindowsException'{0x00000000868e17f8}> (0x00000000868e17f8) 
thrown [s\src\hotspot\share\prims\jni.cpp, line 531]
Event: 17.186 Thread 0x00000248fe202f90 Exception <a 'sun/nio/fs/WindowsException'{0x000000008737d138}> (0x000000008737d138) 
thrown [s\src\hotspot\share\prims\jni.cpp, line 531]
Event: 17.194 Thread 0x00000248fe202f90 Exception <a 'sun/nio/fs/WindowsException'{0x000000008737d6c8}> (0x000000008737d6c8) 
thrown [s\src\hotspot\share\prims\jni.cpp, line 531]

VM Operations (20 events):
Event: 16.679 Executing VM operation: G1CollectForAllocation done
Event: 16.794 Executing VM operation: G1CollectForAllocation
Event: 16.798 Executing VM operation: G1CollectForAllocation done
Event: 16.947 Executing VM operation: G1CollectForAllocation
Event: 16.952 Executing VM operation: G1CollectForAllocation done
Event: 17.206 Executing VM operation: G1CollectForAllocation
Event: 17.211 Executing VM operation: G1CollectForAllocation done
Event: 17.570 Executing VM operation: G1CollectForAllocation
Event: 17.575 Executing VM operation: G1CollectForAllocation done
Event: 17.872 Executing VM operation: G1CollectForAllocation
Event: 17.878 Executing VM operation: G1CollectForAllocation done
Event: 17.888 Executing VM operation: HandshakeAllThreads
Event: 17.888 Executing VM operation: HandshakeAllThreads done
Event: 17.914 Executing VM operation: HandshakeAllThreads
Event: 17.914 Executing VM operation: HandshakeAllThreads done
Event: 17.930 Executing VM operation: HandshakeAllThreads
Event: 17.930 Executing VM operation: HandshakeAllThreads done
Event: 18.181 Executing VM operation: G1CollectForAllocation
Event: 18.188 Executing VM operation: G1CollectForAllocation done
Event: 18.450 Executing VM operation: G1CollectForAllocation

Events (20 events):
Event: 17.938 Thread 0x00000248f8a65f70 flushing nmethod 0x00000248e2681110
Event: 17.938 Thread 0x00000248f8a65f70 flushing nmethod 0x00000248e2684790
Event: 17.938 Thread 0x00000248f8a65f70 flushing nmethod 0x00000248e2687610
Event: 17.938 Thread 0x00000248f8a65f70 flushing nmethod 0x00000248e2689310
Event: 17.938 Thread 0x00000248f8a65f70 flushing nmethod 0x00000248e2691610
Event: 17.938 Thread 0x00000248f8a65f70 flushing nmethod 0x00000248e2695490
Event: 17.938 Thread 0x00000248f8a65f70 flushing nmethod 0x00000248e2698310
Event: 17.938 Thread 0x00000248f8a65f70 flushing nmethod 0x00000248e269ef90
Event: 17.938 Thread 0x00000248f8a65f70 flushing nmethod 0x00000248e26a1c10
Event: 17.938 Thread 0x00000248f8a65f70 flushing nmethod 0x00000248e26a2490
Event: 17.938 Thread 0x00000248f8a65f70 flushing nmethod 0x00000248e26a2c10
Event: 17.938 Thread 0x00000248f8a65f70 flushing nmethod 0x00000248e26a3c90
Event: 17.938 Thread 0x00000248f8a65f70 flushing nmethod 0x00000248e26a4190
Event: 17.938 Thread 0x00000248f8a65f70 flushing nmethod 0x00000248e26a5390
Event: 17.938 Thread 0x00000248f8a65f70 flushing nmethod 0x00000248e26a5a90
Event: 17.938 Thread 0x00000248f8a65f70 flushing nmethod 0x00000248e26a7710
Event: 17.938 Thread 0x00000248f8a65f70 flushing nmethod 0x00000248e26a7e90
Event: 17.938 Thread 0x00000248f8a65f70 flushing nmethod 0x00000248e26a9c90
Event: 17.938 Thread 0x00000248f8a65f70 flushing nmethod 0x00000248e26d8d10
Event: 17.938 Thread 0x00000248f8a65f70 flushing nmethod 0x00000248e26ff390


Dynamic libraries:
0x00007ff7186c0000 - 0x00007ff7186ca000 	C:\Program Files\Android\Android Studio\jbr\bin\java.exe
0x00007ff8345b0000 - 0x00007ff8347c7000 	C:\WINDOWS\SYSTEM32\ntdll.dll
0x00007ff832500000 - 0x00007ff8325c4000 	C:\WINDOWS\System32\KERNEL32.DLL
0x00007ff831930000 - 0x00007ff831d00000 	C:\WINDOWS\System32\KERNELBASE.dll
0x00007ff831d80000 - 0x00007ff831e91000 	C:\WINDOWS\System32\ucrtbase.dll
0x00007ff806330000 - 0x00007ff806347000 	C:\Program Files\Android\Android Studio\jbr\bin\jli.dll
0x00007ffffa550000 - 0x00007ffffa56b000 	C:\Program Files\Android\Android Studio\jbr\bin\VCRUNTIME140.dll
0x00007ff833910000 - 0x00007ff833abe000 	C:\WINDOWS\System32\USER32.dll
0x00007ff831900000 - 0x00007ff831926000 	C:\WINDOWS\System32\win32u.dll
0x00007ff8199d0000 - 0x00007ff819c62000 	C:\WINDOWS\WinSxS\amd64_microsoft.windows.common-controls_6595b64144ccf1df_6.0.22621.4830_none_270fe7d773858e80\COMCTL32.dll
0x00007ff8343e0000 - 0x00007ff834409000 	C:\WINDOWS\System32\GDI32.dll
0x00007ff832450000 - 0x00007ff8324f7000 	C:\WINDOWS\System32\msvcrt.dll
0x00007ff831f50000 - 0x00007ff83206b000 	C:\WINDOWS\System32\gdi32full.dll
0x00007ff831860000 - 0x00007ff8318fa000 	C:\WINDOWS\System32\msvcp_win.dll
0x00007ff8343a0000 - 0x00007ff8343d1000 	C:\WINDOWS\System32\IMM32.DLL
0x00007ff810940000 - 0x00007ff81094c000 	C:\Program Files\Android\Android Studio\jbr\bin\vcruntime140_1.dll
0x00007fffc2bc0000 - 0x00007fffc2c4d000 	C:\Program Files\Android\Android Studio\jbr\bin\msvcp140.dll
0x00007fff93fd0000 - 0x00007fff94c53000 	C:\Program Files\Android\Android Studio\jbr\bin\server\jvm.dll
0x00007ff832730000 - 0x00007ff8327e1000 	C:\WINDOWS\System32\ADVAPI32.dll
0x00007ff834060000 - 0x00007ff834107000 	C:\WINDOWS\System32\sechost.dll
0x00007ff831f20000 - 0x00007ff831f48000 	C:\WINDOWS\System32\bcrypt.dll
0x00007ff834170000 - 0x00007ff834284000 	C:\WINDOWS\System32\RPCRT4.dll
0x00007ff8306d0000 - 0x00007ff83071d000 	C:\WINDOWS\SYSTEM32\POWRPROF.dll
0x00007ff822a60000 - 0x00007ff822a69000 	C:\WINDOWS\SYSTEM32\WSOCK32.dll
0x00007ff82a1e0000 - 0x00007ff82a214000 	C:\WINDOWS\SYSTEM32\WINMM.dll
0x00007ff827030000 - 0x00007ff82703a000 	C:\WINDOWS\SYSTEM32\VERSION.dll
0x00007ff8323d0000 - 0x00007ff832441000 	C:\WINDOWS\System32\WS2_32.dll
0x00007ff8306b0000 - 0x00007ff8306c3000 	C:\WINDOWS\SYSTEM32\UMPDC.dll
0x00007ff830970000 - 0x00007ff830988000 	C:\WINDOWS\SYSTEM32\kernel.appcore.dll
0x00007ff821a50000 - 0x00007ff821a5a000 	C:\Program Files\Android\Android Studio\jbr\bin\jimage.dll
0x00007ff82f180000 - 0x00007ff82f3b2000 	C:\WINDOWS\SYSTEM32\DBGHELP.DLL
0x00007ff833cd0000 - 0x00007ff834060000 	C:\WINDOWS\System32\combase.dll
0x00007ff834410000 - 0x00007ff8344e7000 	C:\WINDOWS\System32\OLEAUT32.dll
0x00007ff8228b0000 - 0x00007ff8228e2000 	C:\WINDOWS\SYSTEM32\dbgcore.DLL
0x00007ff831ea0000 - 0x00007ff831f1b000 	C:\WINDOWS\System32\bcryptPrimitives.dll
0x00007ff8172d0000 - 0x00007ff8172de000 	C:\Program Files\Android\Android Studio\jbr\bin\instrument.dll
0x00007ff817300000 - 0x00007ff817325000 	C:\Program Files\Android\Android Studio\jbr\bin\java.dll
0x00007ff8216b0000 - 0x00007ff8216c8000 	C:\Program Files\Android\Android Studio\jbr\bin\zip.dll
0x00007ff832a60000 - 0x00007ff8332d8000 	C:\WINDOWS\System32\SHELL32.dll
0x00007ff82f770000 - 0x00007ff830080000 	C:\WINDOWS\SYSTEM32\windows.storage.dll
0x00007ff82f630000 - 0x00007ff82f76f000 	C:\WINDOWS\SYSTEM32\wintypes.dll
0x00007ff834290000 - 0x00007ff83439a000 	C:\WINDOWS\System32\SHCORE.dll
0x00007ff834110000 - 0x00007ff83416e000 	C:\WINDOWS\System32\shlwapi.dll
0x00007ff831790000 - 0x00007ff8317bb000 	C:\WINDOWS\SYSTEM32\profapi.dll
0x00007ff81f8a0000 - 0x00007ff81f8b9000 	C:\Program Files\Android\Android Studio\jbr\bin\net.dll
0x00007ff82b750000 - 0x00007ff82b87c000 	C:\WINDOWS\SYSTEM32\WINHTTP.dll
0x00007ff830df0000 - 0x00007ff830e5a000 	C:\WINDOWS\system32\mswsock.dll
0x00007ff81a770000 - 0x00007ff81a786000 	C:\Program Files\Android\Android Studio\jbr\bin\nio.dll
0x00007ff81a650000 - 0x00007ff81a660000 	C:\Program Files\Android\Android Studio\jbr\bin\verify.dll
0x00007ff81ae10000 - 0x00007ff81ae37000 	C:\Users\sathu\.gradle\native\c067742578af261105cb4f569cf0c3c89f3d7b1fecec35dd04571415982c5e48\windows-amd64\native-platform.dll
0x00007fffc1600000 - 0x00007fffc1744000 	C:\Users\sathu\.gradle\native\38dada09dfb8b06ba9b0570ebf7e218e3eb74d4ef43ca46872605cf95ebc2f47\windows-amd64\native-platform-file-events.dll
0x00007ff81a680000 - 0x00007ff81a689000 	C:\Program Files\Android\Android Studio\jbr\bin\management.dll
0x00007ff81a660000 - 0x00007ff81a66b000 	C:\Program Files\Android\Android Studio\jbr\bin\management_ext.dll
0x00007ff833900000 - 0x00007ff833908000 	C:\WINDOWS\System32\PSAPI.DLL
0x00007ff831040000 - 0x00007ff83105b000 	C:\WINDOWS\SYSTEM32\CRYPTSP.dll
0x00007ff8308c0000 - 0x00007ff8308f5000 	C:\WINDOWS\system32\rsaenh.dll
0x00007ff830ee0000 - 0x00007ff830f08000 	C:\WINDOWS\SYSTEM32\USERENV.dll
0x00007ff831060000 - 0x00007ff83106c000 	C:\WINDOWS\SYSTEM32\CRYPTBASE.dll
0x00007ff830340000 - 0x00007ff83036d000 	C:\WINDOWS\SYSTEM32\IPHLPAPI.DLL
0x00007ff833470000 - 0x00007ff833479000 	C:\WINDOWS\System32\NSI.dll
0x00007ff82a7f0000 - 0x00007ff82a809000 	C:\WINDOWS\SYSTEM32\dhcpcsvc6.DLL
0x00007ff82a790000 - 0x00007ff82a7af000 	C:\WINDOWS\SYSTEM32\dhcpcsvc.DLL
0x00007ff830370000 - 0x00007ff830472000 	C:\WINDOWS\SYSTEM32\DNSAPI.dll
0x00007ff81aa50000 - 0x00007ff81aa59000 	C:\Program Files\Android\Android Studio\jbr\bin\extnet.dll
0x00007fffcf700000 - 0x00007fffcf708000 	C:\WINDOWS\system32\wshunix.dll
0x00007ff830a80000 - 0x00007ff830ab4000 	C:\WINDOWS\SYSTEM32\ntmarta.dll

dbghelp: loaded successfully - version: 4.0.5 - missing functions: none
symbol engine: initialized successfully - sym options: 0x614 - pdb path: .;C:\Program Files\Android\Android Studio\jbr\bin;C:\WINDOWS\SYSTEM32;C:\WINDOWS\WinSxS\amd64_microsoft.windows.common-controls_6595b64144ccf1df_6.0.22621.4830_none_270fe7d773858e80;C:\Program Files\Android\Android Studio\jbr\bin\server;C:\Users\sathu\.gradle\native\c067742578af261105cb4f569cf0c3c89f3d7b1fecec35dd04571415982c5e48\windows-amd64;C:\Users\sathu\.gradle\native\38dada09dfb8b06ba9b0570ebf7e218e3eb74d4ef43ca46872605cf95ebc2f47\windows-amd64

VM Arguments:
jvm_args: --add-opens=java.base/java.util=ALL-UNNAMED --add-opens=java.base/java.lang=ALL-UNNAMED --add-opens=java.base/java.lang.invoke=ALL-UNNAMED --add-opens=java.prefs/java.util.prefs=ALL-UNNAMED --add-opens=java.base/java.nio.charset=ALL-UNNAMED --add-opens=java.base/java.net=ALL-UNNAMED --add-opens=java.base/java.util.concurrent.atomic=ALL-UNNAMED -Xmx2048m -Dfile.encoding=UTF-8 -Duser.country=IN -Duser.language=en -Duser.variant -javaagent:C:\Users\sathu\.gradle\wrapper\dists\gradle-8.7-bin\bhs2wmbdwecv87pi65oeuq5iu\gradle-8.7\lib\agents\gradle-instrumentation-agent-8.7.jar 
java_command: org.gradle.launcher.daemon.bootstrap.GradleDaemon 8.7
java_class_path (initial): C:\Users\sathu\.gradle\wrapper\dists\gradle-8.7-bin\bhs2wmbdwecv87pi65oeuq5iu\gradle-8.7\lib\gradle-launcher-8.7.jar
Launcher Type: SUN_STANDARD

[Global flags]
     intx CICompilerCount                          = 4                                         {product} {ergonomic}
     uint ConcGCThreads                            = 3                                         {product} {ergonomic}
     uint G1ConcRefinementThreads                  = 10                                        {product} {ergonomic}
   size_t G1HeapRegionSize                         = 1048576                                   {product} {ergonomic}
    uintx GCDrainStackTargetSize                   = 64                                        {product} {ergonomic}
   size_t InitialHeapSize                          = 264241152                                 {product} {ergonomic}
   size_t MarkStackSize                            = 4194304                                   {product} {ergonomic}
   size_t MaxHeapSize                              = 2147483648                                {product} {command line}
   size_t MaxNewSize                               = 1287651328                                {product} {ergonomic}
   size_t MinHeapDeltaBytes                        = 1048576                                   {product} {ergonomic}
   size_t MinHeapSize                              = 8388608                                   {product} {ergonomic}
    uintx NonNMethodCodeHeapSize                   = 5839372                                {pd product} {ergonomic}
    uintx NonProfiledCodeHeapSize                  = 122909434                              {pd product} {ergonomic}
    uintx ProfiledCodeHeapSize                     = 122909434                              {pd product} {ergonomic}
    uintx ReservedCodeCacheSize                    = 251658240                              {pd product} {ergonomic}
     bool SegmentedCodeCache                       = true                                      {product} {ergonomic}
   size_t SoftMaxHeapSize                          = 2147483648                             {manageable} {ergonomic}
     bool UseCompressedClassPointers               = true                           {product lp64_product} {ergonomic}
     bool UseCompressedOops                        = true                           {product lp64_product} {ergonomic}
     bool UseG1GC                                  = true                                      {product} {ergonomic}
     bool UseLargePagesIndividualAllocation        = false                                  {pd product} {ergonomic}

Logging:
Log output configuration:
 #0: stdout all=warning uptime,level,tags
 #1: stderr all=off uptime,level,tags

Environment Variables:
PATH=C:\Program Files\Java\jdk-22\bin;C:\ProgramData\Oracle\Java\javapath;C:\Program Files\Common Files\Oracle\Java\javapath;C:\Program Files (x86)\Common Files\Oracle\Java\java8path;C:\Program Files (x86)\Common Files\Oracle\Java\javapath;C:\Windows\system32;C:\Windows;C:\Windows\System32\Wbem;C:\Windows\System32\WindowsPowerShell\v1.0\;C:\Windows\System32\OpenSSH\;C:\Program Files (x86)\NVIDIA Corporation\PhysX\Common;C:\WINDOWS\system32;C:\WINDOWS;C:\WINDOWS\System32\Wbem;C:\WINDOWS\System32\WindowsPowerShell\v1.0\;C:\WINDOWS\System32\OpenSSH\;C:\MinGW\bin;C:\Program Files\dotnet\;C:\Program Files (x86)\dotnet\;C:\Program Files\NVIDIA Corporation\NVIDIA app\NvDLISR;C:\Program Files\Git\cmd;C:\Program Files\nodejs\;C:\Users\sathu\AppData\Local\Programs\Python\Python313\Scripts\;C:\Users\sathu\AppData\Local\Programs\Python\Python313\;C:\Python\Scripts\;C:\Python\;C:\Program Files\MySQL\MySQL Shell 8.0\bin\;C:\Users\sathu\AppData\Local\Microsoft\WindowsApps;C:\Users\sathu\AppData\Local\Programs\Microsoft VS Code\bin;C:\Users\sathu\AppData\Local\atom\bin;C:\Users\sathu\AppData\Local\Microsoft\WindowsApps;C:\Users\sathu\AppData\Local\Programs\cursor\resources\app\bin;C:\Program Files\JetBrains\IntelliJ IDEA Community Edition 2025.1.3\bin;;C:\Users\sathu\AppData\Roaming\npm;C:\Program Files\JetBrains\IntelliJ IDEA 2025.2\bin
USERNAME=Subham
OS=Windows_NT
PROCESSOR_IDENTIFIER=Intel64 Family 6 Model 141 Stepping 1, GenuineIntel
TMP=C:\Users\sathu\AppData\Local\Temp
TEMP=C:\Users\sathu\AppData\Local\Temp



Periodic native trim disabled

JNI global refs:
JNI global refs: 28, weak refs: 0

JNI global refs memory usage: 843, weak refs: 841

Process memory usage:
Resident Set Size: 457720K (2% of 16492500K total physical memory with 2912204K free physical memory)

OOME stack traces (most recent first):
Classloader memory used:
Loader org.gradle.internal.classloader.VisitableURLClassLoader                         : 3811K
Loader bootstrap                                                                       : 2452K
Loader org.gradle.initialization.MixInLegacyTypesClassLoader                           : 749K
Loader org.gradle.internal.classloader.VisitableURLClassLoader                         : 87842B
Loader jdk.internal.loader.ClassLoaders$PlatformClassLoader                            : 66950B
Loader jdk.internal.loader.ClassLoaders$AppClassLoader                                 : 28714B
Loader jdk.internal.reflect.DelegatingClassLoader                                      : 27139B
Loader org.gradle.groovy.scripts.internal.DefaultScriptCompilationHandler$ScriptClassLoader: 8596B
Loader groovy.lang.GroovyClassLoader$InnerLoader                                       : 2450B
Loader org.codehaus.groovy.runtime.callsite.CallSiteClassLoader                        : 876B

Classes loaded by more than one classloader:
Class org.gradle.api.GradleException                                                  : loaded 3 times (x 80B)
Class org.gradle.util.GradleVersion                                                   : loaded 2 times (x 81B)
Class org.gradle.internal.classpath.ClassPath                                         : loaded 2 times (x 68B)
Class org.gradle.api.internal.classpath.DefaultModuleRegistry                         : loaded 2 times (x 84B)
Class org.gradle.internal.exceptions.NonGradleCauseExceptionsHolder                   : loaded 2 times (x 68B)
Class org.gradle.api.Action                                                           : loaded 2 times (x 68B)
Class org.gradle.api.internal.DefaultClassPathProvider                                : loaded 2 times (x 74B)
Class org.gradle.internal.installation.GradleInstallation$1                           : loaded 2 times (x 73B)
Class org.gradle.internal.exceptions.DefaultMultiCauseException                       : loaded 2 times (x 93B)
Class org.gradle.internal.time.MonotonicClock                                         : loaded 2 times (x 75B)
Class org.gradle.internal.classloader.FilteringClassLoader                            : loaded 2 times (x 103B)
Class org.gradle.internal.classpath.DefaultClassPath$ImmutableUniqueList$Builder      : loaded 2 times (x 73B)
Class kotlin.UninitializedPropertyAccessException                                     : loaded 2 times (x 80B)
Class org.gradle.internal.classloader.ClassLoaderVisitor                              : loaded 2 times (x 74B)
Class _BuildScript_                                                                   : loaded 2 times (x 171B)
Class org.gradle.internal.time.DefaultCountdownTimer                                  : loaded 2 times (x 86B)
Class _BuildScript_$_run_closure1                                                     : loaded 2 times (x 130B)
Class org.gradle.internal.service.DefaultServiceLocator                               : loaded 2 times (x 81B)
Class org.gradle.internal.service.UnknownServiceException                             : loaded 2 times (x 81B)
Class org.gradle.internal.classloader.DefaultClassLoaderFactory                       : loaded 2 times (x 80B)
Class org.gradle.internal.classloader.VisitableURLClassLoader$Spec                    : loaded 2 times (x 72B)
Class org.gradle.tooling.model.ProjectModel                                           : loaded 2 times (x 68B)
Class org.gradle.internal.installation.GradleInstallation                             : loaded 2 times (x 73B)
Class org.gradle.api.internal.classpath.ModuleRegistry                                : loaded 2 times (x 68B)
Class org.gradle.api.internal.ClassPathProvider                                       : loaded 2 times (x 68B)
Class org.gradle.internal.classloader.ClasspathUtil$1                                 : loaded 2 times (x 74B)
Class org.gradle.internal.classloader.ClassLoaderFactory                              : loaded 2 times (x 68B)
Class org.gradle.api.internal.classpath.ManifestUtil                                  : loaded 2 times (x 69B)
Class org.gradle.api.specs.Spec                                                       : loaded 2 times (x 68B)
Class kotlin.jvm.internal.Intrinsics                                                  : loaded 2 times (x 69B)
Class org.gradle.internal.IoActions                                                   : loaded 2 times (x 69B)
Class org.gradle.api.internal.classpath.EffectiveClassPath                            : loaded 2 times (x 88B)
Class org.gradle.internal.exceptions.ResolutionProvider                               : loaded 2 times (x 68B)
Class org.gradle.internal.installation.CurrentGradleInstallation                      : loaded 2 times (x 71B)
Class org.gradle.internal.agents.InstrumentingClassLoader                             : loaded 2 times (x 68B)
Class org.gradle.internal.installation.CurrentGradleInstallationLocator               : loaded 2 times (x 69B)
Class org.gradle.api.internal.classpath.Module                                        : loaded 2 times (x 68B)
Class org.gradle.internal.service.CachingServiceLocator                               : loaded 2 times (x 80B)
Class org.gradle.internal.time.Timer                                                  : loaded 2 times (x 68B)
Class org.gradle.internal.classpath.DefaultClassPath                                  : loaded 2 times (x 88B)
Class sync_studio_tooling_6l0bdhn7gjfz30uqvd80inom7$_run_closure1                     : loaded 2 times (x 137B)
Class org.gradle.internal.time.Time                                                   : loaded 2 times (x 69B)
Class org.gradle.internal.time.TimeSource$1                                           : loaded 2 times (x 75B)
Class kotlin.KotlinNullPointerException                                               : loaded 2 times (x 81B)
Class org.gradle.internal.classloader.SystemClassLoaderSpec                           : loaded 2 times (x 69B)
Class kotlin.Function                                                                 : loaded 2 times (x 68B)
Class org.gradle.api.UncheckedIOException                                             : loaded 2 times (x 80B)
Class org.gradle.internal.time.CountdownTimer                                         : loaded 2 times (x 68B)
Class org.gradle.internal.time.Clock                                                  : loaded 2 times (x 68B)
Class org.gradle.internal.classloader.ClasspathUtil                                   : loaded 2 times (x 69B)
Class org.gradle.api.internal.DefaultClassPathRegistry                                : loaded 2 times (x 74B)
Class org.gradle.api.internal.classpath.DefaultModuleRegistry$DefaultModule           : loaded 2 times (x 84B)
Class org.gradle.internal.time.TimeSource                                             : loaded 2 times (x 68B)
Class org.gradle.api.internal.classpath.UnknownModuleException                        : loaded 2 times (x 80B)
Class org.gradle.internal.service.ServiceLookupException                              : loaded 2 times (x 80B)
Class org.gradle.cache.GlobalCache                                                    : loaded 2 times (x 68B)
Class [Lorg.gradle.api.internal.ClassPathProvider;                                    : loaded 2 times (x 67B)
Class org.gradle.internal.operations.MultipleBuildOperationFailures                   : loaded 2 times (x 93B)
Class org.gradle.util.internal.GUtil                                                  : loaded 2 times (x 69B)
Class org.gradle.internal.classloader.ClassLoaderSpec                                 : loaded 2 times (x 69B)
Class org.gradle.internal.classloader.VisitableURLClassLoader                         : loaded 2 times (x 115B)
Class org.gradle.internal.Cast                                                        : loaded 2 times (x 69B)
Class org.gradle.api.internal.ClassPathRegistry                                       : loaded 2 times (x 68B)
Class org.gradle.internal.classloader.VisitableURLClassLoader$InstrumentingVisitableURLClassLoader: loaded 2 times (x 121B)
Class org.gradle.internal.classloader.ClassLoaderHierarchy                            : loaded 2 times (x 68B)
Class org.gradle.internal.exceptions.MultiCauseException                              : loaded 2 times (x 68B)
Class sync_studio_tooling_6l0bdhn7gjfz30uqvd80inom7                                   : loaded 2 times (x 177B)
Class org.gradle.internal.InternalTransformer                                         : loaded 2 times (x 68B)
Class org.gradle.internal.service.ServiceLocator                                      : loaded 2 times (x 68B)
Class org.gradle.internal.classpath.DefaultClassPath$ImmutableUniqueList              : loaded 2 times (x 159B)
Class org.gradle.internal.time.DefaultTimer                                           : loaded 2 times (x 78B)
Class org.gradle.internal.classpath.TransformedClassPath                              : loaded 2 times (x 94B)


---------------  S Y S T E M  ---------------

OS:
 Windows 11 , 64 bit Build 22621 (10.0.22621.4830)
OS uptime: 0 days 2:01 hours
Hyper-V role detected

CPU: total 12 (initial active 12) (6 cores per cpu, 2 threads per core) family 6 model 141 stepping 1 microcode 0x34, cx8, cmov, fxsr, ht, mmx, 3dnowpref, sse, sse2, sse3, ssse3, sse4.1, sse4.2, popcnt, lzcnt, tsc, tscinvbit, avx, avx2, aes, erms, clmul, bmi1, bmi2, adx, avx512f, avx512dq, avx512cd, avx512bw, avx512vl, sha, fma, vzeroupper, avx512_vpopcntdq, avx512_vpclmulqdq, avx512_vaes, avx512_vnni, clflush, clflushopt, clwb, avx512_vbmi2, avx512_vbmi, hv
Processor Information for all 12 processors :
  Max Mhz: 2688, Current Mhz: 2289, Mhz Limit: 2688

Memory: 4k page, system-wide physical 16105M (2843M free)
TotalPageFile size 16105M (AvailPageFile size 27M)
current process WorkingSet (physical memory assigned to process): 446M, peak: 449M
current process commit charge ("private bytes"): 484M, peak: 512M

vm_info: OpenJDK 64-Bit Server VM (17.0.11+0--11852314) for windows-amd64 JRE (17.0.11+0--11852314), built on May 16 2024 21:29:20 by "androidbuild" with MS VC++ 16.10 / 16.11 (VS2019)

END.
